{"C:\\Users\\patel\\Desktop\\Skillhub-backend\\app.js": {"path":"C:\\Users\\patel\\Desktop\\Skillhub-backend\\app.js","statementMap":{"0":{"start":{"line":1,"column":0},"end":{"line":1,"column":27}},"1":{"start":{"line":2,"column":0},"end":{"line":2,"column":29}},"2":{"start":{"line":4,"column":16},"end":{"line":4,"column":34}},"3":{"start":{"line":5,"column":13},"end":{"line":5,"column":28}},"4":{"start":{"line":7,"column":19},"end":{"line":7,"column":49}},"5":{"start":{"line":8,"column":21},"end":{"line":8,"column":53}},"6":{"start":{"line":9,"column":26},"end":{"line":9,"column":63}},"7":{"start":{"line":10,"column":24},"end":{"line":10,"column":59}},"8":{"start":{"line":11,"column":23},"end":{"line":11,"column":57}},"9":{"start":{"line":12,"column":20},"end":{"line":12,"column":51}},"10":{"start":{"line":13,"column":23},"end":{"line":13,"column":59}},"11":{"start":{"line":14,"column":27},"end":{"line":14,"column":64}},"12":{"start":{"line":15,"column":25},"end":{"line":15,"column":61}},"13":{"start":{"line":16,"column":20},"end":{"line":16,"column":52}},"14":{"start":{"line":17,"column":23},"end":{"line":17,"column":57}},"15":{"start":{"line":18,"column":23},"end":{"line":18,"column":57}},"16":{"start":{"line":19,"column":27},"end":{"line":19,"column":65}},"17":{"start":{"line":20,"column":25},"end":{"line":20,"column":61}},"18":{"start":{"line":21,"column":21},"end":{"line":21,"column":53}},"19":{"start":{"line":22,"column":21},"end":{"line":22,"column":53}},"20":{"start":{"line":23,"column":23},"end":{"line":23,"column":57}},"21":{"start":{"line":24,"column":23},"end":{"line":24,"column":57}},"22":{"start":{"line":25,"column":19},"end":{"line":25,"column":49}},"23":{"start":{"line":26,"column":23},"end":{"line":26,"column":57}},"24":{"start":{"line":27,"column":19},"end":{"line":27,"column":49}},"25":{"start":{"line":28,"column":24},"end":{"line":28,"column":59}},"26":{"start":{"line":29,"column":23},"end":{"line":29,"column":57}},"27":{"start":{"line":30,"column":22},"end":{"line":30,"column":55}},"28":{"start":{"line":31,"column":28},"end":{"line":31,"column":76}},"29":{"start":{"line":33,"column":12},"end":{"line":33,"column":21}},"30":{"start":{"line":35,"column":0},"end":{"line":35,"column":24}},"31":{"start":{"line":36,"column":0},"end":{"line":36,"column":16}},"32":{"start":{"line":38,"column":0},"end":{"line":40,"column":3}},"33":{"start":{"line":39,"column":2},"end":{"line":39,"column":41}},"34":{"start":{"line":43,"column":0},"end":{"line":43,"column":20}},"35":{"start":{"line":44,"column":0},"end":{"line":44,"column":22}},"36":{"start":{"line":45,"column":0},"end":{"line":45,"column":28}},"37":{"start":{"line":46,"column":0},"end":{"line":46,"column":27}},"38":{"start":{"line":47,"column":0},"end":{"line":47,"column":25}},"39":{"start":{"line":48,"column":0},"end":{"line":48,"column":24}},"40":{"start":{"line":49,"column":0},"end":{"line":49,"column":21}},"41":{"start":{"line":50,"column":0},"end":{"line":50,"column":24}},"42":{"start":{"line":51,"column":0},"end":{"line":51,"column":26}},"43":{"start":{"line":52,"column":0},"end":{"line":52,"column":21}},"44":{"start":{"line":53,"column":0},"end":{"line":53,"column":24}},"45":{"start":{"line":54,"column":0},"end":{"line":54,"column":24}},"46":{"start":{"line":55,"column":0},"end":{"line":55,"column":46}},"47":{"start":{"line":56,"column":0},"end":{"line":56,"column":26}},"48":{"start":{"line":57,"column":0},"end":{"line":57,"column":22}},"49":{"start":{"line":58,"column":0},"end":{"line":58,"column":22}},"50":{"start":{"line":59,"column":0},"end":{"line":59,"column":24}},"51":{"start":{"line":60,"column":0},"end":{"line":60,"column":24}},"52":{"start":{"line":61,"column":0},"end":{"line":61,"column":30}},"53":{"start":{"line":62,"column":0},"end":{"line":62,"column":37}},"54":{"start":{"line":63,"column":0},"end":{"line":63,"column":20}},"55":{"start":{"line":64,"column":0},"end":{"line":64,"column":41}},"56":{"start":{"line":65,"column":0},"end":{"line":65,"column":39}},"57":{"start":{"line":66,"column":0},"end":{"line":66,"column":35}},"58":{"start":{"line":67,"column":0},"end":{"line":67,"column":29}},"59":{"start":{"line":69,"column":0},"end":{"line":69,"column":21}}},"fnMap":{"0":{"name":"(anonymous_0)","decl":{"start":{"line":38,"column":19},"end":{"line":38,"column":20}},"loc":{"start":{"line":38,"column":33},"end":{"line":40,"column":1}},"line":38}},"branchMap":{},"s":{"0":1,"1":1,"2":1,"3":1,"4":1,"5":1,"6":1,"7":1,"8":1,"9":1,"10":1,"11":1,"12":1,"13":1,"14":1,"15":1,"16":1,"17":1,"18":1,"19":1,"20":1,"21":1,"22":1,"23":1,"24":1,"25":1,"26":1,"27":1,"28":1,"29":1,"30":1,"31":1,"32":1,"33":1,"34":1,"35":1,"36":1,"37":1,"38":1,"39":1,"40":1,"41":1,"42":1,"43":1,"44":1,"45":1,"46":1,"47":1,"48":1,"49":1,"50":1,"51":1,"52":1,"53":1,"54":1,"55":1,"56":1,"57":1,"58":1,"59":1},"f":{"0":1},"b":{},"_coverageSchema":"1a1c01bbd47fc00a2c39e90264f33305004495a9","hash":"6d3e3b2e3a9163538e4fe90a1e61fa390f80aa0b"}
,"C:\\Users\\patel\\Desktop\\Skillhub-backend\\controllers\\AchievementController.js": {"path":"C:\\Users\\patel\\Desktop\\Skillhub-backend\\controllers\\AchievementController.js","statementMap":{"0":{"start":{"line":1,"column":25},"end":{"line":1,"column":62}},"1":{"start":{"line":2,"column":18},"end":{"line":2,"column":48}},"2":{"start":{"line":5,"column":26},"end":{"line":24,"column":1}},"3":{"start":{"line":6,"column":2},"end":{"line":23,"column":3}},"4":{"start":{"line":7,"column":43},"end":{"line":7,"column":51}},"5":{"start":{"line":8,"column":24},"end":{"line":12,"column":6}},"6":{"start":{"line":14,"column":4},"end":{"line":17,"column":7}},"7":{"start":{"line":19,"column":4},"end":{"line":22,"column":7}},"8":{"start":{"line":27,"column":25},"end":{"line":66,"column":1}},"9":{"start":{"line":28,"column":2},"end":{"line":65,"column":3}},"10":{"start":{"line":29,"column":23},"end":{"line":29,"column":33}},"11":{"start":{"line":30,"column":15},"end":{"line":30,"column":72}},"12":{"start":{"line":32,"column":4},"end":{"line":34,"column":5}},"13":{"start":{"line":33,"column":6},"end":{"line":33,"column":81}},"14":{"start":{"line":36,"column":28},"end":{"line":36,"column":57}},"15":{"start":{"line":37,"column":24},"end":{"line":37,"column":26}},"16":{"start":{"line":39,"column":4},"end":{"line":48,"column":5}},"17":{"start":{"line":40,"column":25},"end":{"line":42,"column":7}},"18":{"start":{"line":41,"column":15},"end":{"line":41,"column":54}},"19":{"start":{"line":44,"column":6},"end":{"line":47,"column":7}},"20":{"start":{"line":45,"column":8},"end":{"line":45,"column":40}},"21":{"start":{"line":46,"column":8},"end":{"line":46,"column":32}},"22":{"start":{"line":50,"column":4},"end":{"line":50,"column":22}},"23":{"start":{"line":53,"column":4},"end":{"line":53,"column":69}},"24":{"start":{"line":55,"column":4},"end":{"line":59,"column":7}},"25":{"start":{"line":61,"column":4},"end":{"line":64,"column":7}},"26":{"start":{"line":69,"column":28},"end":{"line":88,"column":1}},"27":{"start":{"line":70,"column":2},"end":{"line":87,"column":3}},"28":{"start":{"line":71,"column":23},"end":{"line":71,"column":33}},"29":{"start":{"line":72,"column":17},"end":{"line":72,"column":74}},"30":{"start":{"line":74,"column":4},"end":{"line":76,"column":5}},"31":{"start":{"line":75,"column":6},"end":{"line":75,"column":81}},"32":{"start":{"line":78,"column":4},"end":{"line":81,"column":7}},"33":{"start":{"line":83,"column":4},"end":{"line":86,"column":7}},"34":{"start":{"line":91,"column":24},"end":{"line":106,"column":1}},"35":{"start":{"line":92,"column":2},"end":{"line":105,"column":3}},"36":{"start":{"line":93,"column":28},"end":{"line":93,"column":57}},"37":{"start":{"line":95,"column":4},"end":{"line":99,"column":7}},"38":{"start":{"line":101,"column":4},"end":{"line":104,"column":7}},"39":{"start":{"line":108,"column":0},"end":{"line":113,"column":2}}},"fnMap":{"0":{"name":"(anonymous_0)","decl":{"start":{"line":5,"column":26},"end":{"line":5,"column":27}},"loc":{"start":{"line":5,"column":46},"end":{"line":24,"column":1}},"line":5},"1":{"name":"(anonymous_1)","decl":{"start":{"line":27,"column":25},"end":{"line":27,"column":26}},"loc":{"start":{"line":27,"column":45},"end":{"line":66,"column":1}},"line":27},"2":{"name":"(anonymous_2)","decl":{"start":{"line":41,"column":8},"end":{"line":41,"column":9}},"loc":{"start":{"line":41,"column":15},"end":{"line":41,"column":54}},"line":41},"3":{"name":"(anonymous_3)","decl":{"start":{"line":69,"column":28},"end":{"line":69,"column":29}},"loc":{"start":{"line":69,"column":48},"end":{"line":88,"column":1}},"line":69},"4":{"name":"(anonymous_4)","decl":{"start":{"line":91,"column":24},"end":{"line":91,"column":25}},"loc":{"start":{"line":91,"column":44},"end":{"line":106,"column":1}},"line":91}},"branchMap":{"0":{"loc":{"start":{"line":32,"column":4},"end":{"line":34,"column":5}},"type":"if","locations":[{"start":{"line":32,"column":4},"end":{"line":34,"column":5}},{"start":{},"end":{}}],"line":32},"1":{"loc":{"start":{"line":44,"column":6},"end":{"line":47,"column":7}},"type":"if","locations":[{"start":{"line":44,"column":6},"end":{"line":47,"column":7}},{"start":{},"end":{}}],"line":44},"2":{"loc":{"start":{"line":44,"column":10},"end":{"line":44,"column":58}},"type":"binary-expr","locations":[{"start":{"line":44,"column":10},"end":{"line":44,"column":43}},{"start":{"line":44,"column":47},"end":{"line":44,"column":58}}],"line":44},"3":{"loc":{"start":{"line":74,"column":4},"end":{"line":76,"column":5}},"type":"if","locations":[{"start":{"line":74,"column":4},"end":{"line":76,"column":5}},{"start":{},"end":{}}],"line":74}},"s":{"0":1,"1":1,"2":1,"3":0,"4":0,"5":0,"6":0,"7":0,"8":1,"9":0,"10":0,"11":0,"12":0,"13":0,"14":0,"15":0,"16":0,"17":0,"18":0,"19":0,"20":0,"21":0,"22":0,"23":0,"24":0,"25":0,"26":1,"27":0,"28":0,"29":0,"30":0,"31":0,"32":0,"33":0,"34":1,"35":0,"36":0,"37":0,"38":0,"39":1},"f":{"0":0,"1":0,"2":0,"3":0,"4":0},"b":{"0":[0,0],"1":[0,0],"2":[0,0],"3":[0,0]},"_coverageSchema":"1a1c01bbd47fc00a2c39e90264f33305004495a9","hash":"3104cc08a54cfa53846d89fb6dcc9a62cb91d189"}
,"C:\\Users\\patel\\Desktop\\Skillhub-backend\\controllers\\ActivityController.js": {"path":"C:\\Users\\patel\\Desktop\\Skillhub-backend\\controllers\\ActivityController.js","statementMap":{"0":{"start":{"line":1,"column":17},"end":{"line":1,"column":54}},"1":{"start":{"line":2,"column":25},"end":{"line":15,"column":1}},"2":{"start":{"line":3,"column":2},"end":{"line":14,"column":3}},"3":{"start":{"line":4,"column":23},"end":{"line":4,"column":33}},"4":{"start":{"line":5,"column":23},"end":{"line":5,"column":78}},"5":{"start":{"line":6,"column":4},"end":{"line":9,"column":7}},"6":{"start":{"line":11,"column":4},"end":{"line":13,"column":7}},"7":{"start":{"line":16,"column":0},"end":{"line":16,"column":35}}},"fnMap":{"0":{"name":"(anonymous_0)","decl":{"start":{"line":2,"column":25},"end":{"line":2,"column":26}},"loc":{"start":{"line":2,"column":45},"end":{"line":15,"column":1}},"line":2}},"branchMap":{"0":{"loc":{"start":{"line":12,"column":15},"end":{"line":12,"column":53}},"type":"binary-expr","locations":[{"start":{"line":12,"column":15},"end":{"line":12,"column":26}},{"start":{"line":12,"column":30},"end":{"line":12,"column":53}}],"line":12}},"s":{"0":1,"1":1,"2":0,"3":0,"4":0,"5":0,"6":0,"7":1},"f":{"0":0},"b":{"0":[0,0]},"_coverageSchema":"1a1c01bbd47fc00a2c39e90264f33305004495a9","hash":"cbc322d05ee1ee05285539bff3aedbe819afb58e"}
,"C:\\Users\\patel\\Desktop\\Skillhub-backend\\controllers\\AdminDashboardOverviewController.js": {"path":"C:\\Users\\patel\\Desktop\\Skillhub-backend\\controllers\\AdminDashboardOverviewController.js","statementMap":{"0":{"start":{"line":1,"column":13},"end":{"line":1,"column":43}},"1":{"start":{"line":2,"column":19},"end":{"line":2,"column":55}},"2":{"start":{"line":3,"column":20},"end":{"line":3,"column":58}},"3":{"start":{"line":4,"column":13},"end":{"line":4,"column":43}},"4":{"start":{"line":5,"column":18},"end":{"line":5,"column":53}},"5":{"start":{"line":6,"column":15},"end":{"line":6,"column":48}},"6":{"start":{"line":7,"column":15},"end":{"line":7,"column":47}},"7":{"start":{"line":10,"column":17},"end":{"line":129,"column":1}},"8":{"start":{"line":11,"column":2},"end":{"line":128,"column":3}},"9":{"start":{"line":13,"column":23},"end":{"line":13,"column":50}},"10":{"start":{"line":14,"column":25},"end":{"line":14,"column":54}},"11":{"start":{"line":15,"column":27},"end":{"line":15,"column":77}},"12":{"start":{"line":16,"column":29},"end":{"line":16,"column":80}},"13":{"start":{"line":17,"column":29},"end":{"line":17,"column":62}},"14":{"start":{"line":18,"column":30},"end":{"line":18,"column":64}},"15":{"start":{"line":19,"column":23},"end":{"line":19,"column":50}},"16":{"start":{"line":20,"column":29},"end":{"line":20,"column":61}},"17":{"start":{"line":23,"column":24},"end":{"line":23,"column":74}},"18":{"start":{"line":24,"column":26},"end":{"line":24,"column":78}},"19":{"start":{"line":27,"column":29},"end":{"line":35,"column":6}},"20":{"start":{"line":37,"column":23},"end":{"line":40,"column":5}},"21":{"start":{"line":41,"column":28},"end":{"line":44,"column":7}},"22":{"start":{"line":41,"column":60},"end":{"line":44,"column":5}},"23":{"start":{"line":47,"column":26},"end":{"line":50,"column":15}},"24":{"start":{"line":53,"column":23},"end":{"line":69,"column":6}},"25":{"start":{"line":70,"column":25},"end":{"line":70,"column":57}},"26":{"start":{"line":73,"column":25},"end":{"line":73,"column":35}},"27":{"start":{"line":74,"column":4},"end":{"line":74,"column":53}},"28":{"start":{"line":75,"column":24},"end":{"line":77,"column":6}},"29":{"start":{"line":80,"column":26},"end":{"line":98,"column":6}},"30":{"start":{"line":99,"column":23},"end":{"line":103,"column":7}},"31":{"start":{"line":99,"column":49},"end":{"line":103,"column":5}},"32":{"start":{"line":106,"column":4},"end":{"line":124,"column":7}},"33":{"start":{"line":126,"column":4},"end":{"line":126,"column":62}},"34":{"start":{"line":127,"column":4},"end":{"line":127,"column":54}},"35":{"start":{"line":131,"column":0},"end":{"line":131,"column":30}}},"fnMap":{"0":{"name":"(anonymous_0)","decl":{"start":{"line":10,"column":17},"end":{"line":10,"column":18}},"loc":{"start":{"line":10,"column":37},"end":{"line":129,"column":1}},"line":10},"1":{"name":"(anonymous_1)","decl":{"start":{"line":41,"column":49},"end":{"line":41,"column":50}},"loc":{"start":{"line":41,"column":60},"end":{"line":44,"column":5}},"line":41},"2":{"name":"(anonymous_2)","decl":{"start":{"line":99,"column":41},"end":{"line":99,"column":42}},"loc":{"start":{"line":99,"column":49},"end":{"line":103,"column":5}},"line":99}},"branchMap":{"0":{"loc":{"start":{"line":70,"column":25},"end":{"line":70,"column":57}},"type":"binary-expr","locations":[{"start":{"line":70,"column":25},"end":{"line":70,"column":52}},{"start":{"line":70,"column":56},"end":{"line":70,"column":57}}],"line":70}},"s":{"0":1,"1":1,"2":1,"3":1,"4":1,"5":1,"6":1,"7":1,"8":0,"9":0,"10":0,"11":0,"12":0,"13":0,"14":0,"15":0,"16":0,"17":0,"18":0,"19":0,"20":0,"21":0,"22":0,"23":0,"24":0,"25":0,"26":0,"27":0,"28":0,"29":0,"30":0,"31":0,"32":0,"33":0,"34":0,"35":1},"f":{"0":0,"1":0,"2":0},"b":{"0":[0,0]},"_coverageSchema":"1a1c01bbd47fc00a2c39e90264f33305004495a9","hash":"20eee8360448e7d224e9639334cb62f7059363d2"}
,"C:\\Users\\patel\\Desktop\\Skillhub-backend\\controllers\\AdminLogController.js": {"path":"C:\\Users\\patel\\Desktop\\Skillhub-backend\\controllers\\AdminLogController.js","statementMap":{"0":{"start":{"line":2,"column":22},"end":{"line":2,"column":56}},"1":{"start":{"line":5,"column":20},"end":{"line":17,"column":1}},"2":{"start":{"line":6,"column":2},"end":{"line":16,"column":3}},"3":{"start":{"line":7,"column":26},"end":{"line":7,"column":62}},"4":{"start":{"line":8,"column":4},"end":{"line":11,"column":7}},"5":{"start":{"line":13,"column":4},"end":{"line":15,"column":7}},"6":{"start":{"line":20,"column":21},"end":{"line":32,"column":1}},"7":{"start":{"line":21,"column":2},"end":{"line":31,"column":3}},"8":{"start":{"line":22,"column":17},"end":{"line":25,"column":16}},"9":{"start":{"line":26,"column":4},"end":{"line":26,"column":35}},"10":{"start":{"line":28,"column":4},"end":{"line":30,"column":7}},"11":{"start":{"line":34,"column":0},"end":{"line":37,"column":2}}},"fnMap":{"0":{"name":"(anonymous_0)","decl":{"start":{"line":5,"column":20},"end":{"line":5,"column":21}},"loc":{"start":{"line":5,"column":40},"end":{"line":17,"column":1}},"line":5},"1":{"name":"(anonymous_1)","decl":{"start":{"line":20,"column":21},"end":{"line":20,"column":22}},"loc":{"start":{"line":20,"column":41},"end":{"line":32,"column":1}},"line":20}},"branchMap":{"0":{"loc":{"start":{"line":14,"column":15},"end":{"line":14,"column":53}},"type":"binary-expr","locations":[{"start":{"line":14,"column":15},"end":{"line":14,"column":26}},{"start":{"line":14,"column":30},"end":{"line":14,"column":53}}],"line":14},"1":{"loc":{"start":{"line":29,"column":15},"end":{"line":29,"column":53}},"type":"binary-expr","locations":[{"start":{"line":29,"column":15},"end":{"line":29,"column":26}},{"start":{"line":29,"column":30},"end":{"line":29,"column":53}}],"line":29}},"s":{"0":1,"1":1,"2":0,"3":0,"4":0,"5":0,"6":1,"7":0,"8":0,"9":0,"10":0,"11":1},"f":{"0":0,"1":0},"b":{"0":[0,0],"1":[0,0]},"_coverageSchema":"1a1c01bbd47fc00a2c39e90264f33305004495a9","hash":"ecdf44e348451566796cc3d643dee3264050f2d4"}
,"C:\\Users\\patel\\Desktop\\Skillhub-backend\\controllers\\AnalyticsController.js": {"path":"C:\\Users\\patel\\Desktop\\Skillhub-backend\\controllers\\AnalyticsController.js","statementMap":{"0":{"start":{"line":1,"column":23},"end":{"line":1,"column":58}},"1":{"start":{"line":4,"column":21},"end":{"line":16,"column":1}},"2":{"start":{"line":5,"column":2},"end":{"line":15,"column":3}},"3":{"start":{"line":6,"column":27},"end":{"line":6,"column":64}},"4":{"start":{"line":7,"column":4},"end":{"line":10,"column":7}},"5":{"start":{"line":12,"column":4},"end":{"line":14,"column":7}},"6":{"start":{"line":19,"column":21},"end":{"line":37,"column":1}},"7":{"start":{"line":20,"column":2},"end":{"line":36,"column":3}},"8":{"start":{"line":21,"column":36},"end":{"line":21,"column":45}},"9":{"start":{"line":22,"column":17},"end":{"line":22,"column":19}},"10":{"start":{"line":24,"column":4},"end":{"line":24,"column":33}},"11":{"start":{"line":24,"column":14},"end":{"line":24,"column":33}},"12":{"start":{"line":25,"column":4},"end":{"line":25,"column":39}},"13":{"start":{"line":25,"column":16},"end":{"line":25,"column":39}},"14":{"start":{"line":27,"column":22},"end":{"line":29,"column":35}},"15":{"start":{"line":31,"column":4},"end":{"line":31,"column":46}},"16":{"start":{"line":33,"column":4},"end":{"line":35,"column":7}},"17":{"start":{"line":39,"column":0},"end":{"line":42,"column":2}}},"fnMap":{"0":{"name":"(anonymous_0)","decl":{"start":{"line":4,"column":21},"end":{"line":4,"column":22}},"loc":{"start":{"line":4,"column":41},"end":{"line":16,"column":1}},"line":4},"1":{"name":"(anonymous_1)","decl":{"start":{"line":19,"column":21},"end":{"line":19,"column":22}},"loc":{"start":{"line":19,"column":41},"end":{"line":37,"column":1}},"line":19}},"branchMap":{"0":{"loc":{"start":{"line":13,"column":15},"end":{"line":13,"column":53}},"type":"binary-expr","locations":[{"start":{"line":13,"column":15},"end":{"line":13,"column":26}},{"start":{"line":13,"column":30},"end":{"line":13,"column":53}}],"line":13},"1":{"loc":{"start":{"line":24,"column":4},"end":{"line":24,"column":33}},"type":"if","locations":[{"start":{"line":24,"column":4},"end":{"line":24,"column":33}},{"start":{},"end":{}}],"line":24},"2":{"loc":{"start":{"line":25,"column":4},"end":{"line":25,"column":39}},"type":"if","locations":[{"start":{"line":25,"column":4},"end":{"line":25,"column":39}},{"start":{},"end":{}}],"line":25},"3":{"loc":{"start":{"line":29,"column":13},"end":{"line":29,"column":34}},"type":"binary-expr","locations":[{"start":{"line":29,"column":13},"end":{"line":29,"column":28}},{"start":{"line":29,"column":32},"end":{"line":29,"column":34}}],"line":29},"4":{"loc":{"start":{"line":34,"column":15},"end":{"line":34,"column":53}},"type":"binary-expr","locations":[{"start":{"line":34,"column":15},"end":{"line":34,"column":26}},{"start":{"line":34,"column":30},"end":{"line":34,"column":53}}],"line":34}},"s":{"0":1,"1":1,"2":0,"3":0,"4":0,"5":0,"6":1,"7":0,"8":0,"9":0,"10":0,"11":0,"12":0,"13":0,"14":0,"15":0,"16":0,"17":1},"f":{"0":0,"1":0},"b":{"0":[0,0],"1":[0,0],"2":[0,0],"3":[0,0],"4":[0,0]},"_coverageSchema":"1a1c01bbd47fc00a2c39e90264f33305004495a9","hash":"6f7d1db67fd757a3249618165428e8ef9a495f36"}
,"C:\\Users\\patel\\Desktop\\Skillhub-backend\\controllers\\BlogsController.js": {"path":"C:\\Users\\patel\\Desktop\\Skillhub-backend\\controllers\\BlogsController.js","statementMap":{"0":{"start":{"line":1,"column":19},"end":{"line":1,"column":50}},"1":{"start":{"line":2,"column":16},"end":{"line":14,"column":1}},"2":{"start":{"line":3,"column":2},"end":{"line":13,"column":3}},"3":{"start":{"line":4,"column":22},"end":{"line":4,"column":55}},"4":{"start":{"line":5,"column":4},"end":{"line":8,"column":7}},"5":{"start":{"line":10,"column":4},"end":{"line":12,"column":7}},"6":{"start":{"line":15,"column":0},"end":{"line":17,"column":1}}},"fnMap":{"0":{"name":"(anonymous_0)","decl":{"start":{"line":2,"column":16},"end":{"line":2,"column":17}},"loc":{"start":{"line":2,"column":36},"end":{"line":14,"column":1}},"line":2}},"branchMap":{"0":{"loc":{"start":{"line":11,"column":15},"end":{"line":11,"column":53}},"type":"binary-expr","locations":[{"start":{"line":11,"column":15},"end":{"line":11,"column":26}},{"start":{"line":11,"column":30},"end":{"line":11,"column":53}}],"line":11}},"s":{"0":1,"1":1,"2":0,"3":0,"4":0,"5":0,"6":1},"f":{"0":0},"b":{"0":[0,0]},"_coverageSchema":"1a1c01bbd47fc00a2c39e90264f33305004495a9","hash":"fa4c6113cda077980dc60a4a8db6d5ce0f25a4ea"}
,"C:\\Users\\patel\\Desktop\\Skillhub-backend\\controllers\\CategoriesController.js": {"path":"C:\\Users\\patel\\Desktop\\Skillhub-backend\\controllers\\CategoriesController.js","statementMap":{"0":{"start":{"line":1,"column":29},"end":{"line":1,"column":65}},"1":{"start":{"line":2,"column":20},"end":{"line":14,"column":1}},"2":{"start":{"line":3,"column":2},"end":{"line":13,"column":3}},"3":{"start":{"line":4,"column":26},"end":{"line":4,"column":69}},"4":{"start":{"line":5,"column":4},"end":{"line":8,"column":7}},"5":{"start":{"line":10,"column":4},"end":{"line":12,"column":7}},"6":{"start":{"line":16,"column":0},"end":{"line":18,"column":2}}},"fnMap":{"0":{"name":"(anonymous_0)","decl":{"start":{"line":2,"column":20},"end":{"line":2,"column":21}},"loc":{"start":{"line":2,"column":40},"end":{"line":14,"column":1}},"line":2}},"branchMap":{"0":{"loc":{"start":{"line":11,"column":15},"end":{"line":11,"column":53}},"type":"binary-expr","locations":[{"start":{"line":11,"column":15},"end":{"line":11,"column":26}},{"start":{"line":11,"column":30},"end":{"line":11,"column":53}}],"line":11}},"s":{"0":1,"1":1,"2":0,"3":0,"4":0,"5":0,"6":1},"f":{"0":0},"b":{"0":[0,0]},"_coverageSchema":"1a1c01bbd47fc00a2c39e90264f33305004495a9","hash":"848e03f2629c4fea27040d5b5cb2eebb638b3234"}
,"C:\\Users\\patel\\Desktop\\Skillhub-backend\\controllers\\CertificateController.js": {"path":"C:\\Users\\patel\\Desktop\\Skillhub-backend\\controllers\\CertificateController.js","statementMap":{"0":{"start":{"line":1,"column":25},"end":{"line":1,"column":63}},"1":{"start":{"line":2,"column":23},"end":{"line":14,"column":1}},"2":{"start":{"line":3,"column":4},"end":{"line":13,"column":5}},"3":{"start":{"line":4,"column":29},"end":{"line":4,"column":68}},"4":{"start":{"line":5,"column":4},"end":{"line":8,"column":6}},"5":{"start":{"line":10,"column":5},"end":{"line":12,"column":7}},"6":{"start":{"line":15,"column":32},"end":{"line":28,"column":1}},"7":{"start":{"line":16,"column":4},"end":{"line":27,"column":5}},"8":{"start":{"line":17,"column":24},"end":{"line":17,"column":79}},"9":{"start":{"line":18,"column":3},"end":{"line":21,"column":5}},"10":{"start":{"line":23,"column":2},"end":{"line":26,"column":4}},"11":{"start":{"line":29,"column":0},"end":{"line":31,"column":1}}},"fnMap":{"0":{"name":"(anonymous_0)","decl":{"start":{"line":2,"column":23},"end":{"line":2,"column":24}},"loc":{"start":{"line":2,"column":42},"end":{"line":14,"column":1}},"line":2},"1":{"name":"(anonymous_1)","decl":{"start":{"line":15,"column":32},"end":{"line":15,"column":33}},"loc":{"start":{"line":15,"column":51},"end":{"line":28,"column":1}},"line":15}},"branchMap":{"0":{"loc":{"start":{"line":11,"column":16},"end":{"line":11,"column":54}},"type":"binary-expr","locations":[{"start":{"line":11,"column":16},"end":{"line":11,"column":27}},{"start":{"line":11,"column":31},"end":{"line":11,"column":54}}],"line":11}},"s":{"0":1,"1":1,"2":0,"3":0,"4":0,"5":0,"6":1,"7":0,"8":0,"9":0,"10":0,"11":1},"f":{"0":0,"1":0},"b":{"0":[0,0]},"_coverageSchema":"1a1c01bbd47fc00a2c39e90264f33305004495a9","hash":"387f066bd0b28d37062abcd162f9cbc8a6e8450a"}
,"C:\\Users\\patel\\Desktop\\Skillhub-backend\\controllers\\CommunityController.js": {"path":"C:\\Users\\patel\\Desktop\\Skillhub-backend\\controllers\\CommunityController.js","statementMap":{"0":{"start":{"line":1,"column":18},"end":{"line":1,"column":53}},"1":{"start":{"line":2,"column":13},"end":{"line":2,"column":43}},"2":{"start":{"line":6,"column":24},"end":{"line":26,"column":1}},"3":{"start":{"line":7,"column":2},"end":{"line":25,"column":3}},"4":{"start":{"line":8,"column":54},"end":{"line":8,"column":62}},"5":{"start":{"line":10,"column":4},"end":{"line":12,"column":5}},"6":{"start":{"line":11,"column":6},"end":{"line":11,"column":83}},"7":{"start":{"line":14,"column":22},"end":{"line":20,"column":6}},"8":{"start":{"line":22,"column":4},"end":{"line":22,"column":61}},"9":{"start":{"line":24,"column":4},"end":{"line":24,"column":65}},"10":{"start":{"line":29,"column":23},"end":{"line":39,"column":1}},"11":{"start":{"line":30,"column":2},"end":{"line":38,"column":3}},"12":{"start":{"line":31,"column":24},"end":{"line":33,"column":47}},"13":{"start":{"line":35,"column":4},"end":{"line":35,"column":51}},"14":{"start":{"line":37,"column":4},"end":{"line":37,"column":65}},"15":{"start":{"line":42,"column":21},"end":{"line":58,"column":1}},"16":{"start":{"line":43,"column":2},"end":{"line":57,"column":3}},"17":{"start":{"line":44,"column":19},"end":{"line":44,"column":29}},"18":{"start":{"line":45,"column":22},"end":{"line":48,"column":30}},"19":{"start":{"line":50,"column":4},"end":{"line":52,"column":5}},"20":{"start":{"line":51,"column":6},"end":{"line":51,"column":84}},"21":{"start":{"line":54,"column":4},"end":{"line":54,"column":49}},"22":{"start":{"line":56,"column":4},"end":{"line":56,"column":65}},"23":{"start":{"line":61,"column":24},"end":{"line":84,"column":1}},"24":{"start":{"line":62,"column":2},"end":{"line":83,"column":3}},"25":{"start":{"line":63,"column":19},"end":{"line":63,"column":29}},"26":{"start":{"line":64,"column":54},"end":{"line":64,"column":62}},"27":{"start":{"line":66,"column":22},"end":{"line":66,"column":50}},"28":{"start":{"line":67,"column":4},"end":{"line":67,"column":98}},"29":{"start":{"line":67,"column":20},"end":{"line":67,"column":98}},"30":{"start":{"line":69,"column":19},"end":{"line":69,"column":80}},"31":{"start":{"line":69,"column":49},"end":{"line":69,"column":79}},"32":{"start":{"line":70,"column":4},"end":{"line":72,"column":5}},"33":{"start":{"line":71,"column":6},"end":{"line":71,"column":79}},"34":{"start":{"line":74,"column":4},"end":{"line":74,"column":44}},"35":{"start":{"line":75,"column":4},"end":{"line":75,"column":65}},"36":{"start":{"line":76,"column":4},"end":{"line":76,"column":62}},"37":{"start":{"line":78,"column":4},"end":{"line":78,"column":27}},"38":{"start":{"line":80,"column":4},"end":{"line":80,"column":49}},"39":{"start":{"line":82,"column":4},"end":{"line":82,"column":65}},"40":{"start":{"line":87,"column":24},"end":{"line":95,"column":1}},"41":{"start":{"line":88,"column":2},"end":{"line":94,"column":3}},"42":{"start":{"line":89,"column":19},"end":{"line":89,"column":29}},"43":{"start":{"line":90,"column":4},"end":{"line":90,"column":42}},"44":{"start":{"line":91,"column":4},"end":{"line":91,"column":62}},"45":{"start":{"line":93,"column":4},"end":{"line":93,"column":65}},"46":{"start":{"line":98,"column":22},"end":{"line":117,"column":1}},"47":{"start":{"line":99,"column":2},"end":{"line":116,"column":3}},"48":{"start":{"line":100,"column":19},"end":{"line":100,"column":29}},"49":{"start":{"line":101,"column":23},"end":{"line":101,"column":31}},"50":{"start":{"line":103,"column":22},"end":{"line":103,"column":50}},"51":{"start":{"line":104,"column":4},"end":{"line":104,"column":98}},"52":{"start":{"line":104,"column":20},"end":{"line":104,"column":98}},"53":{"start":{"line":106,"column":4},"end":{"line":108,"column":5}},"54":{"start":{"line":106,"column":38},"end":{"line":106,"column":68}},"55":{"start":{"line":107,"column":6},"end":{"line":107,"column":81}},"56":{"start":{"line":110,"column":4},"end":{"line":110,"column":55}},"57":{"start":{"line":111,"column":4},"end":{"line":111,"column":27}},"58":{"start":{"line":113,"column":4},"end":{"line":113,"column":49}},"59":{"start":{"line":115,"column":4},"end":{"line":115,"column":65}},"60":{"start":{"line":120,"column":23},"end":{"line":135,"column":1}},"61":{"start":{"line":121,"column":2},"end":{"line":134,"column":3}},"62":{"start":{"line":122,"column":19},"end":{"line":122,"column":29}},"63":{"start":{"line":123,"column":23},"end":{"line":123,"column":31}},"64":{"start":{"line":125,"column":22},"end":{"line":125,"column":50}},"65":{"start":{"line":126,"column":4},"end":{"line":126,"column":98}},"66":{"start":{"line":126,"column":20},"end":{"line":126,"column":98}},"67":{"start":{"line":128,"column":4},"end":{"line":128,"column":88}},"68":{"start":{"line":128,"column":56},"end":{"line":128,"column":86}},"69":{"start":{"line":129,"column":4},"end":{"line":129,"column":27}},"70":{"start":{"line":131,"column":4},"end":{"line":131,"column":49}},"71":{"start":{"line":133,"column":4},"end":{"line":133,"column":65}},"72":{"start":{"line":138,"column":23},"end":{"line":156,"column":1}},"73":{"start":{"line":139,"column":2},"end":{"line":155,"column":3}},"74":{"start":{"line":140,"column":19},"end":{"line":140,"column":29}},"75":{"start":{"line":141,"column":23},"end":{"line":141,"column":31}},"76":{"start":{"line":143,"column":22},"end":{"line":143,"column":50}},"77":{"start":{"line":144,"column":4},"end":{"line":144,"column":98}},"78":{"start":{"line":144,"column":20},"end":{"line":144,"column":98}},"79":{"start":{"line":146,"column":19},"end":{"line":146,"column":80}},"80":{"start":{"line":146,"column":49},"end":{"line":146,"column":79}},"81":{"start":{"line":147,"column":4},"end":{"line":147,"column":93}},"82":{"start":{"line":147,"column":17},"end":{"line":147,"column":93}},"83":{"start":{"line":149,"column":4},"end":{"line":149,"column":26}},"84":{"start":{"line":150,"column":4},"end":{"line":150,"column":27}},"85":{"start":{"line":152,"column":4},"end":{"line":152,"column":49}},"86":{"start":{"line":154,"column":4},"end":{"line":154,"column":65}},"87":{"start":{"line":159,"column":16},"end":{"line":176,"column":1}},"88":{"start":{"line":160,"column":2},"end":{"line":175,"column":3}},"89":{"start":{"line":161,"column":19},"end":{"line":161,"column":29}},"90":{"start":{"line":162,"column":23},"end":{"line":162,"column":31}},"91":{"start":{"line":164,"column":22},"end":{"line":164,"column":50}},"92":{"start":{"line":165,"column":4},"end":{"line":165,"column":98}},"93":{"start":{"line":165,"column":20},"end":{"line":165,"column":98}},"94":{"start":{"line":167,"column":4},"end":{"line":170,"column":5}},"95":{"start":{"line":168,"column":6},"end":{"line":168,"column":41}},"96":{"start":{"line":169,"column":6},"end":{"line":169,"column":29}},"97":{"start":{"line":172,"column":4},"end":{"line":172,"column":49}},"98":{"start":{"line":174,"column":4},"end":{"line":174,"column":65}},"99":{"start":{"line":179,"column":18},"end":{"line":194,"column":1}},"100":{"start":{"line":180,"column":2},"end":{"line":193,"column":3}},"101":{"start":{"line":181,"column":19},"end":{"line":181,"column":29}},"102":{"start":{"line":182,"column":23},"end":{"line":182,"column":31}},"103":{"start":{"line":184,"column":22},"end":{"line":184,"column":50}},"104":{"start":{"line":185,"column":4},"end":{"line":185,"column":98}},"105":{"start":{"line":185,"column":20},"end":{"line":185,"column":98}},"106":{"start":{"line":187,"column":4},"end":{"line":187,"column":100}},"107":{"start":{"line":187,"column":64},"end":{"line":187,"column":98}},"108":{"start":{"line":188,"column":4},"end":{"line":188,"column":27}},"109":{"start":{"line":190,"column":4},"end":{"line":190,"column":49}},"110":{"start":{"line":192,"column":4},"end":{"line":192,"column":65}},"111":{"start":{"line":197,"column":26},"end":{"line":263,"column":1}},"112":{"start":{"line":198,"column":2},"end":{"line":262,"column":3}},"113":{"start":{"line":199,"column":19},"end":{"line":199,"column":29}},"114":{"start":{"line":200,"column":17},"end":{"line":200,"column":65}},"115":{"start":{"line":201,"column":18},"end":{"line":201,"column":83}},"116":{"start":{"line":202,"column":17},"end":{"line":202,"column":56}},"117":{"start":{"line":203,"column":14},"end":{"line":203,"column":33}},"118":{"start":{"line":205,"column":22},"end":{"line":205,"column":50}},"119":{"start":{"line":206,"column":4},"end":{"line":208,"column":5}},"120":{"start":{"line":207,"column":6},"end":{"line":207,"column":86}},"121":{"start":{"line":210,"column":19},"end":{"line":210,"column":38}},"122":{"start":{"line":211,"column":4},"end":{"line":211,"column":57}},"123":{"start":{"line":211,"column":11},"end":{"line":211,"column":57}},"124":{"start":{"line":213,"column":17},"end":{"line":213,"column":35}},"125":{"start":{"line":214,"column":16},"end":{"line":218,"column":19}},"126":{"start":{"line":220,"column":4},"end":{"line":220,"column":62}},"127":{"start":{"line":220,"column":24},"end":{"line":220,"column":62}},"128":{"start":{"line":221,"column":4},"end":{"line":221,"column":61}},"129":{"start":{"line":221,"column":24},"end":{"line":221,"column":61}},"130":{"start":{"line":223,"column":30},"end":{"line":223,"column":85}},"131":{"start":{"line":225,"column":16},"end":{"line":225,"column":24}},"132":{"start":{"line":226,"column":4},"end":{"line":228,"column":5}},"133":{"start":{"line":227,"column":6},"end":{"line":227,"column":92}},"134":{"start":{"line":227,"column":43},"end":{"line":227,"column":90}},"135":{"start":{"line":230,"column":22},"end":{"line":230,"column":63}},"136":{"start":{"line":231,"column":20},"end":{"line":234,"column":5}},"137":{"start":{"line":232,"column":29},"end":{"line":232,"column":62}},"138":{"start":{"line":233,"column":29},"end":{"line":233,"column":63}},"139":{"start":{"line":236,"column":19},"end":{"line":241,"column":7}},"140":{"start":{"line":236,"column":39},"end":{"line":241,"column":5}},"141":{"start":{"line":243,"column":4},"end":{"line":259,"column":7}},"142":{"start":{"line":261,"column":4},"end":{"line":261,"column":97}},"143":{"start":{"line":265,"column":0},"end":{"line":277,"column":2}}},"fnMap":{"0":{"name":"(anonymous_0)","decl":{"start":{"line":6,"column":24},"end":{"line":6,"column":25}},"loc":{"start":{"line":6,"column":44},"end":{"line":26,"column":1}},"line":6},"1":{"name":"(anonymous_1)","decl":{"start":{"line":29,"column":23},"end":{"line":29,"column":24}},"loc":{"start":{"line":29,"column":43},"end":{"line":39,"column":1}},"line":29},"2":{"name":"(anonymous_2)","decl":{"start":{"line":42,"column":21},"end":{"line":42,"column":22}},"loc":{"start":{"line":42,"column":41},"end":{"line":58,"column":1}},"line":42},"3":{"name":"(anonymous_3)","decl":{"start":{"line":61,"column":24},"end":{"line":61,"column":25}},"loc":{"start":{"line":61,"column":44},"end":{"line":84,"column":1}},"line":61},"4":{"name":"(anonymous_4)","decl":{"start":{"line":69,"column":42},"end":{"line":69,"column":43}},"loc":{"start":{"line":69,"column":49},"end":{"line":69,"column":79}},"line":69},"5":{"name":"(anonymous_5)","decl":{"start":{"line":87,"column":24},"end":{"line":87,"column":25}},"loc":{"start":{"line":87,"column":44},"end":{"line":95,"column":1}},"line":87},"6":{"name":"(anonymous_6)","decl":{"start":{"line":98,"column":22},"end":{"line":98,"column":23}},"loc":{"start":{"line":98,"column":42},"end":{"line":117,"column":1}},"line":98},"7":{"name":"(anonymous_7)","decl":{"start":{"line":106,"column":31},"end":{"line":106,"column":32}},"loc":{"start":{"line":106,"column":38},"end":{"line":106,"column":68}},"line":106},"8":{"name":"(anonymous_8)","decl":{"start":{"line":120,"column":23},"end":{"line":120,"column":24}},"loc":{"start":{"line":120,"column":43},"end":{"line":135,"column":1}},"line":120},"9":{"name":"(anonymous_9)","decl":{"start":{"line":128,"column":49},"end":{"line":128,"column":50}},"loc":{"start":{"line":128,"column":56},"end":{"line":128,"column":86}},"line":128},"10":{"name":"(anonymous_10)","decl":{"start":{"line":138,"column":23},"end":{"line":138,"column":24}},"loc":{"start":{"line":138,"column":43},"end":{"line":156,"column":1}},"line":138},"11":{"name":"(anonymous_11)","decl":{"start":{"line":146,"column":42},"end":{"line":146,"column":43}},"loc":{"start":{"line":146,"column":49},"end":{"line":146,"column":79}},"line":146},"12":{"name":"(anonymous_12)","decl":{"start":{"line":159,"column":16},"end":{"line":159,"column":17}},"loc":{"start":{"line":159,"column":36},"end":{"line":176,"column":1}},"line":159},"13":{"name":"(anonymous_13)","decl":{"start":{"line":179,"column":18},"end":{"line":179,"column":19}},"loc":{"start":{"line":179,"column":38},"end":{"line":194,"column":1}},"line":179},"14":{"name":"(anonymous_14)","decl":{"start":{"line":187,"column":57},"end":{"line":187,"column":58}},"loc":{"start":{"line":187,"column":64},"end":{"line":187,"column":98}},"line":187},"15":{"name":"(anonymous_15)","decl":{"start":{"line":197,"column":26},"end":{"line":197,"column":27}},"loc":{"start":{"line":197,"column":46},"end":{"line":263,"column":1}},"line":197},"16":{"name":"(anonymous_16)","decl":{"start":{"line":227,"column":33},"end":{"line":227,"column":34}},"loc":{"start":{"line":227,"column":43},"end":{"line":227,"column":90}},"line":227},"17":{"name":"(anonymous_17)","decl":{"start":{"line":232,"column":22},"end":{"line":232,"column":23}},"loc":{"start":{"line":232,"column":29},"end":{"line":232,"column":62}},"line":232},"18":{"name":"(anonymous_18)","decl":{"start":{"line":233,"column":22},"end":{"line":233,"column":23}},"loc":{"start":{"line":233,"column":29},"end":{"line":233,"column":63}},"line":233},"19":{"name":"(anonymous_19)","decl":{"start":{"line":236,"column":31},"end":{"line":236,"column":32}},"loc":{"start":{"line":236,"column":39},"end":{"line":241,"column":5}},"line":236}},"branchMap":{"0":{"loc":{"start":{"line":10,"column":4},"end":{"line":12,"column":5}},"type":"if","locations":[{"start":{"line":10,"column":4},"end":{"line":12,"column":5}},{"start":{},"end":{}}],"line":10},"1":{"loc":{"start":{"line":50,"column":4},"end":{"line":52,"column":5}},"type":"if","locations":[{"start":{"line":50,"column":4},"end":{"line":52,"column":5}},{"start":{},"end":{}}],"line":50},"2":{"loc":{"start":{"line":67,"column":4},"end":{"line":67,"column":98}},"type":"if","locations":[{"start":{"line":67,"column":4},"end":{"line":67,"column":98}},{"start":{},"end":{}}],"line":67},"3":{"loc":{"start":{"line":70,"column":4},"end":{"line":72,"column":5}},"type":"if","locations":[{"start":{"line":70,"column":4},"end":{"line":72,"column":5}},{"start":{},"end":{}}],"line":70},"4":{"loc":{"start":{"line":70,"column":8},"end":{"line":70,"column":42}},"type":"binary-expr","locations":[{"start":{"line":70,"column":8},"end":{"line":70,"column":15}},{"start":{"line":70,"column":19},"end":{"line":70,"column":42}}],"line":70},"5":{"loc":{"start":{"line":74,"column":21},"end":{"line":74,"column":43}},"type":"binary-expr","locations":[{"start":{"line":74,"column":21},"end":{"line":74,"column":25}},{"start":{"line":74,"column":29},"end":{"line":74,"column":43}}],"line":74},"6":{"loc":{"start":{"line":75,"column":28},"end":{"line":75,"column":64}},"type":"binary-expr","locations":[{"start":{"line":75,"column":28},"end":{"line":75,"column":39}},{"start":{"line":75,"column":43},"end":{"line":75,"column":64}}],"line":75},"7":{"loc":{"start":{"line":76,"column":27},"end":{"line":76,"column":61}},"type":"binary-expr","locations":[{"start":{"line":76,"column":27},"end":{"line":76,"column":37}},{"start":{"line":76,"column":41},"end":{"line":76,"column":61}}],"line":76},"8":{"loc":{"start":{"line":104,"column":4},"end":{"line":104,"column":98}},"type":"if","locations":[{"start":{"line":104,"column":4},"end":{"line":104,"column":98}},{"start":{},"end":{}}],"line":104},"9":{"loc":{"start":{"line":106,"column":4},"end":{"line":108,"column":5}},"type":"if","locations":[{"start":{"line":106,"column":4},"end":{"line":108,"column":5}},{"start":{},"end":{}}],"line":106},"10":{"loc":{"start":{"line":126,"column":4},"end":{"line":126,"column":98}},"type":"if","locations":[{"start":{"line":126,"column":4},"end":{"line":126,"column":98}},{"start":{},"end":{}}],"line":126},"11":{"loc":{"start":{"line":144,"column":4},"end":{"line":144,"column":98}},"type":"if","locations":[{"start":{"line":144,"column":4},"end":{"line":144,"column":98}},{"start":{},"end":{}}],"line":144},"12":{"loc":{"start":{"line":147,"column":4},"end":{"line":147,"column":93}},"type":"if","locations":[{"start":{"line":147,"column":4},"end":{"line":147,"column":93}},{"start":{},"end":{}}],"line":147},"13":{"loc":{"start":{"line":165,"column":4},"end":{"line":165,"column":98}},"type":"if","locations":[{"start":{"line":165,"column":4},"end":{"line":165,"column":98}},{"start":{},"end":{}}],"line":165},"14":{"loc":{"start":{"line":167,"column":4},"end":{"line":170,"column":5}},"type":"if","locations":[{"start":{"line":167,"column":4},"end":{"line":170,"column":5}},{"start":{},"end":{}}],"line":167},"15":{"loc":{"start":{"line":185,"column":4},"end":{"line":185,"column":98}},"type":"if","locations":[{"start":{"line":185,"column":4},"end":{"line":185,"column":98}},{"start":{},"end":{}}],"line":185},"16":{"loc":{"start":{"line":200,"column":35},"end":{"line":200,"column":56}},"type":"binary-expr","locations":[{"start":{"line":200,"column":35},"end":{"line":200,"column":49}},{"start":{"line":200,"column":53},"end":{"line":200,"column":56}}],"line":200},"17":{"loc":{"start":{"line":201,"column":45},"end":{"line":201,"column":68}},"type":"binary-expr","locations":[{"start":{"line":201,"column":45},"end":{"line":201,"column":60}},{"start":{"line":201,"column":64},"end":{"line":201,"column":68}}],"line":201},"18":{"loc":{"start":{"line":202,"column":18},"end":{"line":202,"column":41}},"type":"binary-expr","locations":[{"start":{"line":202,"column":18},"end":{"line":202,"column":32}},{"start":{"line":202,"column":36},"end":{"line":202,"column":41}}],"line":202},"19":{"loc":{"start":{"line":206,"column":4},"end":{"line":208,"column":5}},"type":"if","locations":[{"start":{"line":206,"column":4},"end":{"line":208,"column":5}},{"start":{},"end":{}}],"line":206},"20":{"loc":{"start":{"line":211,"column":4},"end":{"line":211,"column":57}},"type":"if","locations":[{"start":{"line":211,"column":4},"end":{"line":211,"column":57}},{"start":{},"end":{}}],"line":211},"21":{"loc":{"start":{"line":220,"column":4},"end":{"line":220,"column":62}},"type":"if","locations":[{"start":{"line":220,"column":4},"end":{"line":220,"column":62}},{"start":{},"end":{}}],"line":220},"22":{"loc":{"start":{"line":221,"column":4},"end":{"line":221,"column":61}},"type":"if","locations":[{"start":{"line":221,"column":4},"end":{"line":221,"column":61}},{"start":{},"end":{}}],"line":221},"23":{"loc":{"start":{"line":226,"column":4},"end":{"line":228,"column":5}},"type":"if","locations":[{"start":{"line":226,"column":4},"end":{"line":228,"column":5}},{"start":{},"end":{}}],"line":226},"24":{"loc":{"start":{"line":227,"column":44},"end":{"line":227,"column":64}},"type":"binary-expr","locations":[{"start":{"line":227,"column":44},"end":{"line":227,"column":59}},{"start":{"line":227,"column":63},"end":{"line":227,"column":64}}],"line":227},"25":{"loc":{"start":{"line":227,"column":69},"end":{"line":227,"column":89}},"type":"binary-expr","locations":[{"start":{"line":227,"column":69},"end":{"line":227,"column":84}},{"start":{"line":227,"column":88},"end":{"line":227,"column":89}}],"line":227},"26":{"loc":{"start":{"line":230,"column":23},"end":{"line":230,"column":50}},"type":"binary-expr","locations":[{"start":{"line":230,"column":23},"end":{"line":230,"column":44}},{"start":{"line":230,"column":48},"end":{"line":230,"column":50}}],"line":230},"27":{"loc":{"start":{"line":238,"column":17},"end":{"line":238,"column":37}},"type":"binary-expr","locations":[{"start":{"line":238,"column":17},"end":{"line":238,"column":32}},{"start":{"line":238,"column":36},"end":{"line":238,"column":37}}],"line":238},"28":{"loc":{"start":{"line":239,"column":20},"end":{"line":239,"column":43}},"type":"binary-expr","locations":[{"start":{"line":239,"column":20},"end":{"line":239,"column":38}},{"start":{"line":239,"column":42},"end":{"line":239,"column":43}}],"line":239},"29":{"loc":{"start":{"line":250,"column":23},"end":{"line":250,"column":53}},"type":"binary-expr","locations":[{"start":{"line":250,"column":23},"end":{"line":250,"column":48}},{"start":{"line":250,"column":52},"end":{"line":250,"column":53}}],"line":250},"30":{"loc":{"start":{"line":251,"column":23},"end":{"line":251,"column":57}},"type":"binary-expr","locations":[{"start":{"line":251,"column":23},"end":{"line":251,"column":52}},{"start":{"line":251,"column":56},"end":{"line":251,"column":57}}],"line":251}},"s":{"0":1,"1":1,"2":1,"3":0,"4":0,"5":0,"6":0,"7":0,"8":0,"9":0,"10":1,"11":0,"12":0,"13":0,"14":0,"15":1,"16":0,"17":0,"18":0,"19":0,"20":0,"21":0,"22":0,"23":1,"24":0,"25":0,"26":0,"27":0,"28":0,"29":0,"30":0,"31":0,"32":0,"33":0,"34":0,"35":0,"36":0,"37":0,"38":0,"39":0,"40":1,"41":0,"42":0,"43":0,"44":0,"45":0,"46":1,"47":0,"48":0,"49":0,"50":0,"51":0,"52":0,"53":0,"54":0,"55":0,"56":0,"57":0,"58":0,"59":0,"60":1,"61":0,"62":0,"63":0,"64":0,"65":0,"66":0,"67":0,"68":0,"69":0,"70":0,"71":0,"72":1,"73":0,"74":0,"75":0,"76":0,"77":0,"78":0,"79":0,"80":0,"81":0,"82":0,"83":0,"84":0,"85":0,"86":0,"87":1,"88":0,"89":0,"90":0,"91":0,"92":0,"93":0,"94":0,"95":0,"96":0,"97":0,"98":0,"99":1,"100":0,"101":0,"102":0,"103":0,"104":0,"105":0,"106":0,"107":0,"108":0,"109":0,"110":0,"111":1,"112":0,"113":0,"114":0,"115":0,"116":0,"117":0,"118":0,"119":0,"120":0,"121":0,"122":0,"123":0,"124":0,"125":0,"126":0,"127":0,"128":0,"129":0,"130":0,"131":0,"132":0,"133":0,"134":0,"135":0,"136":0,"137":0,"138":0,"139":0,"140":0,"141":0,"142":0,"143":1},"f":{"0":0,"1":0,"2":0,"3":0,"4":0,"5":0,"6":0,"7":0,"8":0,"9":0,"10":0,"11":0,"12":0,"13":0,"14":0,"15":0,"16":0,"17":0,"18":0,"19":0},"b":{"0":[0,0],"1":[0,0],"2":[0,0],"3":[0,0],"4":[0,0],"5":[0,0],"6":[0,0],"7":[0,0],"8":[0,0],"9":[0,0],"10":[0,0],"11":[0,0],"12":[0,0],"13":[0,0],"14":[0,0],"15":[0,0],"16":[0,0],"17":[0,0],"18":[0,0],"19":[0,0],"20":[0,0],"21":[0,0],"22":[0,0],"23":[0,0],"24":[0,0],"25":[0,0],"26":[0,0],"27":[0,0],"28":[0,0],"29":[0,0],"30":[0,0]},"_coverageSchema":"1a1c01bbd47fc00a2c39e90264f33305004495a9","hash":"5bf5cf37110e0dceaccb7f2298df78b35ae706e9"}
,"C:\\Users\\patel\\Desktop\\Skillhub-backend\\controllers\\CourseController.js": {"path":"C:\\Users\\patel\\Desktop\\Skillhub-backend\\controllers\\CourseController.js","statementMap":{"0":{"start":{"line":1,"column":20},"end":{"line":1,"column":53}},"1":{"start":{"line":2,"column":21},"end":{"line":14,"column":1}},"2":{"start":{"line":3,"column":2},"end":{"line":13,"column":3}},"3":{"start":{"line":4,"column":24},"end":{"line":4,"column":58}},"4":{"start":{"line":5,"column":4},"end":{"line":8,"column":7}},"5":{"start":{"line":10,"column":4},"end":{"line":12,"column":7}},"6":{"start":{"line":15,"column":19},"end":{"line":27,"column":1}},"7":{"start":{"line":16,"column":2},"end":{"line":26,"column":3}},"8":{"start":{"line":17,"column":20},"end":{"line":17,"column":44}},"9":{"start":{"line":18,"column":4},"end":{"line":21,"column":6}},"10":{"start":{"line":23,"column":3},"end":{"line":25,"column":5}},"11":{"start":{"line":28,"column":19},"end":{"line":40,"column":1}},"12":{"start":{"line":29,"column":2},"end":{"line":39,"column":3}},"13":{"start":{"line":30,"column":17},"end":{"line":30,"column":58}},"14":{"start":{"line":31,"column":2},"end":{"line":34,"column":4}},"15":{"start":{"line":36,"column":2},"end":{"line":38,"column":4}},"16":{"start":{"line":41,"column":21},"end":{"line":60,"column":1}},"17":{"start":{"line":42,"column":2},"end":{"line":59,"column":3}},"18":{"start":{"line":43,"column":20},"end":{"line":47,"column":5}},"19":{"start":{"line":48,"column":4},"end":{"line":50,"column":5}},"20":{"start":{"line":49,"column":6},"end":{"line":49,"column":67}},"21":{"start":{"line":51,"column":4},"end":{"line":54,"column":7}},"22":{"start":{"line":56,"column":4},"end":{"line":58,"column":7}},"23":{"start":{"line":62,"column":0},"end":{"line":62,"column":69}}},"fnMap":{"0":{"name":"(anonymous_0)","decl":{"start":{"line":2,"column":21},"end":{"line":2,"column":22}},"loc":{"start":{"line":2,"column":41},"end":{"line":14,"column":1}},"line":2},"1":{"name":"(anonymous_1)","decl":{"start":{"line":15,"column":19},"end":{"line":15,"column":20}},"loc":{"start":{"line":15,"column":36},"end":{"line":27,"column":1}},"line":15},"2":{"name":"(anonymous_2)","decl":{"start":{"line":28,"column":19},"end":{"line":28,"column":20}},"loc":{"start":{"line":28,"column":37},"end":{"line":40,"column":1}},"line":28},"3":{"name":"(anonymous_3)","decl":{"start":{"line":41,"column":21},"end":{"line":41,"column":22}},"loc":{"start":{"line":41,"column":40},"end":{"line":60,"column":1}},"line":41}},"branchMap":{"0":{"loc":{"start":{"line":48,"column":4},"end":{"line":50,"column":5}},"type":"if","locations":[{"start":{"line":48,"column":4},"end":{"line":50,"column":5}},{"start":{},"end":{}}],"line":48}},"s":{"0":1,"1":1,"2":0,"3":0,"4":0,"5":0,"6":1,"7":0,"8":0,"9":0,"10":0,"11":1,"12":0,"13":0,"14":0,"15":0,"16":1,"17":0,"18":0,"19":0,"20":0,"21":0,"22":0,"23":1},"f":{"0":0,"1":0,"2":0,"3":0},"b":{"0":[0,0]},"_coverageSchema":"1a1c01bbd47fc00a2c39e90264f33305004495a9","hash":"72f6f2c36e724b2b66a195b56ba04f2edca6e61e"}
,"C:\\Users\\patel\\Desktop\\Skillhub-backend\\controllers\\EnrollmentController.js": {"path":"C:\\Users\\patel\\Desktop\\Skillhub-backend\\controllers\\EnrollmentController.js","statementMap":{"0":{"start":{"line":1,"column":29},"end":{"line":1,"column":65}},"1":{"start":{"line":2,"column":17},"end":{"line":2,"column":52}},"2":{"start":{"line":3,"column":21},"end":{"line":3,"column":54}},"3":{"start":{"line":4,"column":22},"end":{"line":20,"column":1}},"4":{"start":{"line":5,"column":2},"end":{"line":19,"column":3}},"5":{"start":{"line":6,"column":28},"end":{"line":6,"column":71}},"6":{"start":{"line":7,"column":4},"end":{"line":10,"column":7}},"7":{"start":{"line":11,"column":4},"end":{"line":14,"column":7}},"8":{"start":{"line":16,"column":4},"end":{"line":18,"column":7}},"9":{"start":{"line":21,"column":28},"end":{"line":35,"column":1}},"10":{"start":{"line":22,"column":2},"end":{"line":34,"column":3}},"11":{"start":{"line":23,"column":20},"end":{"line":25,"column":27}},"12":{"start":{"line":26,"column":4},"end":{"line":29,"column":7}},"13":{"start":{"line":31,"column":4},"end":{"line":33,"column":7}},"14":{"start":{"line":36,"column":23},"end":{"line":48,"column":1}},"15":{"start":{"line":37,"column":2},"end":{"line":47,"column":3}},"16":{"start":{"line":38,"column":20},"end":{"line":38,"column":74}},"17":{"start":{"line":39,"column":4},"end":{"line":42,"column":7}},"18":{"start":{"line":44,"column":4},"end":{"line":46,"column":7}},"19":{"start":{"line":49,"column":27},"end":{"line":84,"column":1}},"20":{"start":{"line":50,"column":0},"end":{"line":83,"column":3}},"21":{"start":{"line":51,"column":39},"end":{"line":51,"column":49}},"22":{"start":{"line":53,"column":23},"end":{"line":53,"column":72}},"23":{"start":{"line":54,"column":4},"end":{"line":54,"column":86}},"24":{"start":{"line":54,"column":21},"end":{"line":54,"column":86}},"25":{"start":{"line":57,"column":4},"end":{"line":74,"column":5}},"26":{"start":{"line":58,"column":6},"end":{"line":58,"column":49}},"27":{"start":{"line":61,"column":27},"end":{"line":61,"column":91}},"28":{"start":{"line":62,"column":24},"end":{"line":62,"column":58}},"29":{"start":{"line":65,"column":6},"end":{"line":66,"column":76}},"30":{"start":{"line":69,"column":6},"end":{"line":71,"column":7}},"31":{"start":{"line":70,"column":8},"end":{"line":70,"column":40}},"32":{"start":{"line":73,"column":6},"end":{"line":73,"column":30}},"33":{"start":{"line":76,"column":4},"end":{"line":80,"column":7}},"34":{"start":{"line":82,"column":4},"end":{"line":82,"column":53}},"35":{"start":{"line":85,"column":0},"end":{"line":90,"column":2}}},"fnMap":{"0":{"name":"(anonymous_0)","decl":{"start":{"line":4,"column":22},"end":{"line":4,"column":23}},"loc":{"start":{"line":4,"column":42},"end":{"line":20,"column":1}},"line":4},"1":{"name":"(anonymous_1)","decl":{"start":{"line":21,"column":28},"end":{"line":21,"column":29}},"loc":{"start":{"line":21,"column":48},"end":{"line":35,"column":1}},"line":21},"2":{"name":"(anonymous_2)","decl":{"start":{"line":36,"column":23},"end":{"line":36,"column":24}},"loc":{"start":{"line":36,"column":43},"end":{"line":48,"column":1}},"line":36},"3":{"name":"(anonymous_3)","decl":{"start":{"line":49,"column":27},"end":{"line":49,"column":28}},"loc":{"start":{"line":49,"column":47},"end":{"line":84,"column":1}},"line":49}},"branchMap":{"0":{"loc":{"start":{"line":17,"column":15},"end":{"line":17,"column":53}},"type":"binary-expr","locations":[{"start":{"line":17,"column":15},"end":{"line":17,"column":26}},{"start":{"line":17,"column":30},"end":{"line":17,"column":53}}],"line":17},"1":{"loc":{"start":{"line":54,"column":4},"end":{"line":54,"column":86}},"type":"if","locations":[{"start":{"line":54,"column":4},"end":{"line":54,"column":86}},{"start":{},"end":{}}],"line":54},"2":{"loc":{"start":{"line":57,"column":4},"end":{"line":74,"column":5}},"type":"if","locations":[{"start":{"line":57,"column":4},"end":{"line":74,"column":5}},{"start":{},"end":{}}],"line":57},"3":{"loc":{"start":{"line":66,"column":8},"end":{"line":66,"column":75}},"type":"cond-expr","locations":[{"start":{"line":66,"column":27},"end":{"line":66,"column":71}},{"start":{"line":66,"column":74},"end":{"line":66,"column":75}}],"line":66},"4":{"loc":{"start":{"line":69,"column":6},"end":{"line":71,"column":7}},"type":"if","locations":[{"start":{"line":69,"column":6},"end":{"line":71,"column":7}},{"start":{},"end":{}}],"line":69}},"s":{"0":1,"1":1,"2":1,"3":1,"4":0,"5":0,"6":0,"7":0,"8":0,"9":1,"10":0,"11":0,"12":0,"13":0,"14":1,"15":0,"16":0,"17":0,"18":0,"19":1,"20":0,"21":0,"22":0,"23":0,"24":0,"25":0,"26":0,"27":0,"28":0,"29":0,"30":0,"31":0,"32":0,"33":0,"34":0,"35":1},"f":{"0":0,"1":0,"2":0,"3":0},"b":{"0":[0,0],"1":[0,0],"2":[0,0],"3":[0,0],"4":[0,0]},"_coverageSchema":"1a1c01bbd47fc00a2c39e90264f33305004495a9","hash":"3f1e8c65ed57947110811ddf22a456d5b50bfe7f"}
,"C:\\Users\\patel\\Desktop\\Skillhub-backend\\controllers\\EventsController.js": {"path":"C:\\Users\\patel\\Desktop\\Skillhub-backend\\controllers\\EventsController.js","statementMap":{"0":{"start":{"line":1,"column":25},"end":{"line":1,"column":57}},"1":{"start":{"line":2,"column":17},"end":{"line":14,"column":1}},"2":{"start":{"line":3,"column":4},"end":{"line":13,"column":5}},"3":{"start":{"line":4,"column":27},"end":{"line":4,"column":66}},"4":{"start":{"line":5,"column":8},"end":{"line":8,"column":10}},"5":{"start":{"line":10,"column":4},"end":{"line":12,"column":6}},"6":{"start":{"line":15,"column":0},"end":{"line":17,"column":1}}},"fnMap":{"0":{"name":"(anonymous_0)","decl":{"start":{"line":2,"column":17},"end":{"line":2,"column":18}},"loc":{"start":{"line":2,"column":37},"end":{"line":14,"column":1}},"line":2}},"branchMap":{"0":{"loc":{"start":{"line":11,"column":17},"end":{"line":11,"column":55}},"type":"binary-expr","locations":[{"start":{"line":11,"column":17},"end":{"line":11,"column":28}},{"start":{"line":11,"column":32},"end":{"line":11,"column":55}}],"line":11}},"s":{"0":1,"1":1,"2":0,"3":0,"4":0,"5":0,"6":1},"f":{"0":0},"b":{"0":[0,0]},"_coverageSchema":"1a1c01bbd47fc00a2c39e90264f33305004495a9","hash":"4eaf1f831964bfdb909058793f83f11b5ae2081c"}
,"C:\\Users\\patel\\Desktop\\Skillhub-backend\\controllers\\FeedbackController.js": {"path":"C:\\Users\\patel\\Desktop\\Skillhub-backend\\controllers\\FeedbackController.js","statementMap":{"0":{"start":{"line":1,"column":22},"end":{"line":1,"column":56}},"1":{"start":{"line":4,"column":20},"end":{"line":16,"column":1}},"2":{"start":{"line":5,"column":2},"end":{"line":15,"column":3}},"3":{"start":{"line":6,"column":26},"end":{"line":6,"column":62}},"4":{"start":{"line":7,"column":4},"end":{"line":10,"column":7}},"5":{"start":{"line":12,"column":4},"end":{"line":14,"column":7}},"6":{"start":{"line":19,"column":28},"end":{"line":42,"column":1}},"7":{"start":{"line":20,"column":2},"end":{"line":41,"column":3}},"8":{"start":{"line":21,"column":25},"end":{"line":21,"column":35}},"9":{"start":{"line":22,"column":21},"end":{"line":24,"column":30}},"10":{"start":{"line":28,"column":6},"end":{"line":30,"column":11}},"11":{"start":{"line":29,"column":38},"end":{"line":29,"column":52}},"12":{"start":{"line":32,"column":4},"end":{"line":36,"column":7}},"13":{"start":{"line":38,"column":4},"end":{"line":40,"column":7}},"14":{"start":{"line":45,"column":26},"end":{"line":62,"column":1}},"15":{"start":{"line":46,"column":2},"end":{"line":61,"column":3}},"16":{"start":{"line":47,"column":23},"end":{"line":47,"column":33}},"17":{"start":{"line":48,"column":21},"end":{"line":51,"column":5}},"18":{"start":{"line":53,"column":4},"end":{"line":56,"column":7}},"19":{"start":{"line":58,"column":4},"end":{"line":60,"column":7}},"20":{"start":{"line":64,"column":0},"end":{"line":68,"column":2}}},"fnMap":{"0":{"name":"(anonymous_0)","decl":{"start":{"line":4,"column":20},"end":{"line":4,"column":21}},"loc":{"start":{"line":4,"column":40},"end":{"line":16,"column":1}},"line":4},"1":{"name":"(anonymous_1)","decl":{"start":{"line":19,"column":28},"end":{"line":19,"column":29}},"loc":{"start":{"line":19,"column":48},"end":{"line":42,"column":1}},"line":19},"2":{"name":"(anonymous_2)","decl":{"start":{"line":29,"column":26},"end":{"line":29,"column":27}},"loc":{"start":{"line":29,"column":38},"end":{"line":29,"column":52}},"line":29},"3":{"name":"(anonymous_3)","decl":{"start":{"line":45,"column":26},"end":{"line":45,"column":27}},"loc":{"start":{"line":45,"column":46},"end":{"line":62,"column":1}},"line":45}},"branchMap":{"0":{"loc":{"start":{"line":13,"column":15},"end":{"line":13,"column":53}},"type":"binary-expr","locations":[{"start":{"line":13,"column":15},"end":{"line":13,"column":26}},{"start":{"line":13,"column":30},"end":{"line":13,"column":53}}],"line":13},"1":{"loc":{"start":{"line":28,"column":6},"end":{"line":30,"column":11}},"type":"cond-expr","locations":[{"start":{"line":29,"column":10},"end":{"line":29,"column":74}},{"start":{"line":30,"column":10},"end":{"line":30,"column":11}}],"line":28},"2":{"loc":{"start":{"line":39,"column":15},"end":{"line":39,"column":53}},"type":"binary-expr","locations":[{"start":{"line":39,"column":15},"end":{"line":39,"column":26}},{"start":{"line":39,"column":30},"end":{"line":39,"column":53}}],"line":39},"3":{"loc":{"start":{"line":59,"column":15},"end":{"line":59,"column":53}},"type":"binary-expr","locations":[{"start":{"line":59,"column":15},"end":{"line":59,"column":26}},{"start":{"line":59,"column":30},"end":{"line":59,"column":53}}],"line":59}},"s":{"0":1,"1":1,"2":0,"3":0,"4":0,"5":0,"6":1,"7":0,"8":0,"9":0,"10":0,"11":0,"12":0,"13":0,"14":1,"15":0,"16":0,"17":0,"18":0,"19":0,"20":1},"f":{"0":0,"1":0,"2":0,"3":0},"b":{"0":[0,0],"1":[0,0],"2":[0,0],"3":[0,0]},"_coverageSchema":"1a1c01bbd47fc00a2c39e90264f33305004495a9","hash":"ac826c8ba41b6a180c96e368c133b0676617dc72"}
,"C:\\Users\\patel\\Desktop\\Skillhub-backend\\controllers\\FriendsController.js": {"path":"C:\\Users\\patel\\Desktop\\Skillhub-backend\\controllers\\FriendsController.js","statementMap":{"0":{"start":{"line":1,"column":21},"end":{"line":1,"column":54}},"1":{"start":{"line":2,"column":26},"end":{"line":18,"column":1}},"2":{"start":{"line":3,"column":4},"end":{"line":17,"column":3}},"3":{"start":{"line":4,"column":41},"end":{"line":4,"column":49}},"4":{"start":{"line":6,"column":21},"end":{"line":9,"column":6}},"5":{"start":{"line":11,"column":4},"end":{"line":11,"column":83}},"6":{"start":{"line":11,"column":18},"end":{"line":11,"column":83}},"7":{"start":{"line":13,"column":20},"end":{"line":13,"column":97}},"8":{"start":{"line":14,"column":4},"end":{"line":14,"column":69}},"9":{"start":{"line":16,"column":4},"end":{"line":16,"column":51}},"10":{"start":{"line":19,"column":36},"end":{"line":31,"column":1}},"11":{"start":{"line":20,"column":4},"end":{"line":30,"column":3}},"12":{"start":{"line":21,"column":23},"end":{"line":21,"column":31}},"13":{"start":{"line":22,"column":20},"end":{"line":26,"column":5}},"14":{"start":{"line":27,"column":4},"end":{"line":27,"column":62}},"15":{"start":{"line":29,"column":4},"end":{"line":29,"column":51}},"16":{"start":{"line":32,"column":23},"end":{"line":48,"column":1}},"17":{"start":{"line":33,"column":4},"end":{"line":47,"column":3}},"18":{"start":{"line":34,"column":23},"end":{"line":34,"column":33}},"19":{"start":{"line":35,"column":24},"end":{"line":38,"column":57}},"20":{"start":{"line":40,"column":20},"end":{"line":42,"column":5}},"21":{"start":{"line":41,"column":6},"end":{"line":41,"column":76}},"22":{"start":{"line":44,"column":4},"end":{"line":44,"column":32}},"23":{"start":{"line":46,"column":4},"end":{"line":46,"column":51}},"24":{"start":{"line":49,"column":34},"end":{"line":61,"column":1}},"25":{"start":{"line":50,"column":2},"end":{"line":60,"column":3}},"26":{"start":{"line":51,"column":23},"end":{"line":51,"column":33}},"27":{"start":{"line":52,"column":21},"end":{"line":55,"column":53}},"28":{"start":{"line":57,"column":4},"end":{"line":57,"column":33}},"29":{"start":{"line":59,"column":4},"end":{"line":59,"column":51}},"30":{"start":{"line":63,"column":0},"end":{"line":63,"column":105}}},"fnMap":{"0":{"name":"(anonymous_0)","decl":{"start":{"line":2,"column":26},"end":{"line":2,"column":27}},"loc":{"start":{"line":2,"column":44},"end":{"line":18,"column":1}},"line":2},"1":{"name":"(anonymous_1)","decl":{"start":{"line":19,"column":36},"end":{"line":19,"column":37}},"loc":{"start":{"line":19,"column":55},"end":{"line":31,"column":1}},"line":19},"2":{"name":"(anonymous_2)","decl":{"start":{"line":32,"column":23},"end":{"line":32,"column":24}},"loc":{"start":{"line":32,"column":42},"end":{"line":48,"column":1}},"line":32},"3":{"name":"(anonymous_3)","decl":{"start":{"line":40,"column":36},"end":{"line":40,"column":37}},"loc":{"start":{"line":41,"column":6},"end":{"line":41,"column":76}},"line":41},"4":{"name":"(anonymous_4)","decl":{"start":{"line":49,"column":34},"end":{"line":49,"column":35}},"loc":{"start":{"line":49,"column":54},"end":{"line":61,"column":1}},"line":49}},"branchMap":{"0":{"loc":{"start":{"line":11,"column":4},"end":{"line":11,"column":83}},"type":"if","locations":[{"start":{"line":11,"column":4},"end":{"line":11,"column":83}},{"start":{},"end":{}}],"line":11},"1":{"loc":{"start":{"line":41,"column":6},"end":{"line":41,"column":76}},"type":"cond-expr","locations":[{"start":{"line":41,"column":51},"end":{"line":41,"column":62}},{"start":{"line":41,"column":65},"end":{"line":41,"column":76}}],"line":41}},"s":{"0":1,"1":1,"2":0,"3":0,"4":0,"5":0,"6":0,"7":0,"8":0,"9":0,"10":1,"11":0,"12":0,"13":0,"14":0,"15":0,"16":1,"17":0,"18":0,"19":0,"20":0,"21":0,"22":0,"23":0,"24":1,"25":0,"26":0,"27":0,"28":0,"29":0,"30":1},"f":{"0":0,"1":0,"2":0,"3":0,"4":0},"b":{"0":[0,0],"1":[0,0]},"_coverageSchema":"1a1c01bbd47fc00a2c39e90264f33305004495a9","hash":"b141f8d3cec8c4c3bda3c9e1b076cd15ce559ee9"}
,"C:\\Users\\patel\\Desktop\\Skillhub-backend\\controllers\\MessagesController.js": {"path":"C:\\Users\\patel\\Desktop\\Skillhub-backend\\controllers\\MessagesController.js","statementMap":{"0":{"start":{"line":1,"column":22},"end":{"line":1,"column":56}},"1":{"start":{"line":2,"column":20},"end":{"line":17,"column":1}},"2":{"start":{"line":3,"column":2},"end":{"line":16,"column":3}},"3":{"start":{"line":4,"column":52},"end":{"line":4,"column":60}},"4":{"start":{"line":6,"column":20},"end":{"line":11,"column":6}},"5":{"start":{"line":13,"column":4},"end":{"line":13,"column":53}},"6":{"start":{"line":15,"column":4},"end":{"line":15,"column":65}},"7":{"start":{"line":18,"column":25},"end":{"line":37,"column":1}},"8":{"start":{"line":19,"column":2},"end":{"line":36,"column":3}},"9":{"start":{"line":20,"column":36},"end":{"line":20,"column":46}},"10":{"start":{"line":22,"column":21},"end":{"line":31,"column":29}},"11":{"start":{"line":33,"column":4},"end":{"line":33,"column":42}},"12":{"start":{"line":35,"column":4},"end":{"line":35,"column":65}},"13":{"start":{"line":39,"column":20},"end":{"line":68,"column":1}},"14":{"start":{"line":40,"column":2},"end":{"line":67,"column":3}},"15":{"start":{"line":41,"column":30},"end":{"line":41,"column":38}},"16":{"start":{"line":42,"column":19},"end":{"line":42,"column":29}},"17":{"start":{"line":44,"column":18},"end":{"line":44,"column":50}},"18":{"start":{"line":45,"column":4},"end":{"line":48,"column":62}},"19":{"start":{"line":46,"column":6},"end":{"line":48,"column":62}},"20":{"start":{"line":50,"column":21},"end":{"line":52,"column":5}},"21":{"start":{"line":51,"column":13},"end":{"line":51,"column":43}},"22":{"start":{"line":53,"column":4},"end":{"line":57,"column":5}},"23":{"start":{"line":54,"column":6},"end":{"line":54,"column":29}},"24":{"start":{"line":56,"column":6},"end":{"line":56,"column":48}},"25":{"start":{"line":59,"column":4},"end":{"line":59,"column":25}},"26":{"start":{"line":62,"column":4},"end":{"line":62,"column":69}},"27":{"start":{"line":64,"column":4},"end":{"line":64,"column":41}},"28":{"start":{"line":66,"column":4},"end":{"line":66,"column":65}},"29":{"start":{"line":70,"column":23},"end":{"line":86,"column":1}},"30":{"start":{"line":71,"column":2},"end":{"line":85,"column":3}},"31":{"start":{"line":72,"column":43},"end":{"line":72,"column":51}},"32":{"start":{"line":73,"column":19},"end":{"line":73,"column":29}},"33":{"start":{"line":75,"column":25},"end":{"line":80,"column":6}},"34":{"start":{"line":82,"column":4},"end":{"line":82,"column":46}},"35":{"start":{"line":84,"column":4},"end":{"line":84,"column":65}},"36":{"start":{"line":87,"column":22},"end":{"line":94,"column":1}},"37":{"start":{"line":88,"column":2},"end":{"line":93,"column":3}},"38":{"start":{"line":89,"column":4},"end":{"line":89,"column":51}},"39":{"start":{"line":90,"column":4},"end":{"line":90,"column":60}},"40":{"start":{"line":92,"column":4},"end":{"line":92,"column":65}},"41":{"start":{"line":95,"column":0},"end":{"line":101,"column":2}}},"fnMap":{"0":{"name":"(anonymous_0)","decl":{"start":{"line":2,"column":20},"end":{"line":2,"column":21}},"loc":{"start":{"line":2,"column":40},"end":{"line":17,"column":1}},"line":2},"1":{"name":"(anonymous_1)","decl":{"start":{"line":18,"column":25},"end":{"line":18,"column":26}},"loc":{"start":{"line":18,"column":45},"end":{"line":37,"column":1}},"line":18},"2":{"name":"(anonymous_2)","decl":{"start":{"line":39,"column":20},"end":{"line":39,"column":21}},"loc":{"start":{"line":39,"column":40},"end":{"line":68,"column":1}},"line":39},"3":{"name":"(anonymous_3)","decl":{"start":{"line":51,"column":6},"end":{"line":51,"column":7}},"loc":{"start":{"line":51,"column":13},"end":{"line":51,"column":43}},"line":51},"4":{"name":"(anonymous_4)","decl":{"start":{"line":70,"column":23},"end":{"line":70,"column":24}},"loc":{"start":{"line":70,"column":43},"end":{"line":86,"column":1}},"line":70},"5":{"name":"(anonymous_5)","decl":{"start":{"line":87,"column":22},"end":{"line":87,"column":23}},"loc":{"start":{"line":87,"column":42},"end":{"line":94,"column":1}},"line":87}},"branchMap":{"0":{"loc":{"start":{"line":10,"column":15},"end":{"line":10,"column":30}},"type":"binary-expr","locations":[{"start":{"line":10,"column":15},"end":{"line":10,"column":22}},{"start":{"line":10,"column":26},"end":{"line":10,"column":30}}],"line":10},"1":{"loc":{"start":{"line":45,"column":4},"end":{"line":48,"column":62}},"type":"if","locations":[{"start":{"line":45,"column":4},"end":{"line":48,"column":62}},{"start":{},"end":{}}],"line":45},"2":{"loc":{"start":{"line":53,"column":4},"end":{"line":57,"column":5}},"type":"if","locations":[{"start":{"line":53,"column":4},"end":{"line":57,"column":5}},{"start":{"line":55,"column":11},"end":{"line":57,"column":5}}],"line":53}},"s":{"0":1,"1":1,"2":0,"3":0,"4":0,"5":0,"6":0,"7":1,"8":0,"9":0,"10":0,"11":0,"12":0,"13":1,"14":0,"15":0,"16":0,"17":0,"18":0,"19":0,"20":0,"21":0,"22":0,"23":0,"24":0,"25":0,"26":0,"27":0,"28":0,"29":1,"30":0,"31":0,"32":0,"33":0,"34":0,"35":0,"36":1,"37":0,"38":0,"39":0,"40":0,"41":1},"f":{"0":0,"1":0,"2":0,"3":0,"4":0,"5":0},"b":{"0":[0,0],"1":[0,0],"2":[0,0]},"_coverageSchema":"1a1c01bbd47fc00a2c39e90264f33305004495a9","hash":"e89d31c81db8ded60640ca5d52401f1ce9b03efd"}
,"C:\\Users\\patel\\Desktop\\Skillhub-backend\\controllers\\NotificationController.js": {"path":"C:\\Users\\patel\\Desktop\\Skillhub-backend\\controllers\\NotificationController.js","statementMap":{"0":{"start":{"line":1,"column":26},"end":{"line":1,"column":65}},"1":{"start":{"line":2,"column":31},"end":{"line":10,"column":1}},"2":{"start":{"line":3,"column":2},"end":{"line":9,"column":3}},"3":{"start":{"line":4,"column":26},"end":{"line":5,"column":30}},"4":{"start":{"line":6,"column":4},"end":{"line":6,"column":65}},"5":{"start":{"line":8,"column":4},"end":{"line":8,"column":65}},"6":{"start":{"line":11,"column":20},"end":{"line":27,"column":1}},"7":{"start":{"line":12,"column":2},"end":{"line":26,"column":3}},"8":{"start":{"line":13,"column":26},"end":{"line":17,"column":5}},"9":{"start":{"line":18,"column":4},"end":{"line":21,"column":7}},"10":{"start":{"line":23,"column":4},"end":{"line":25,"column":7}},"11":{"start":{"line":28,"column":0},"end":{"line":31,"column":2}}},"fnMap":{"0":{"name":"(anonymous_0)","decl":{"start":{"line":2,"column":31},"end":{"line":2,"column":32}},"loc":{"start":{"line":2,"column":51},"end":{"line":10,"column":1}},"line":2},"1":{"name":"(anonymous_1)","decl":{"start":{"line":11,"column":20},"end":{"line":11,"column":21}},"loc":{"start":{"line":11,"column":40},"end":{"line":27,"column":1}},"line":11}},"branchMap":{"0":{"loc":{"start":{"line":24,"column":15},"end":{"line":24,"column":53}},"type":"binary-expr","locations":[{"start":{"line":24,"column":15},"end":{"line":24,"column":26}},{"start":{"line":24,"column":30},"end":{"line":24,"column":53}}],"line":24}},"s":{"0":1,"1":1,"2":0,"3":0,"4":0,"5":0,"6":1,"7":0,"8":0,"9":0,"10":0,"11":1},"f":{"0":0,"1":0},"b":{"0":[0,0]},"_coverageSchema":"1a1c01bbd47fc00a2c39e90264f33305004495a9","hash":"17b046767dc3194d786b561133ab42c855d6e4cd"}
,"C:\\Users\\patel\\Desktop\\Skillhub-backend\\controllers\\OverviewController.js": {"path":"C:\\Users\\patel\\Desktop\\Skillhub-backend\\controllers\\OverviewController.js","statementMap":{"0":{"start":{"line":1,"column":22},"end":{"line":1,"column":56}},"1":{"start":{"line":2,"column":20},"end":{"line":14,"column":1}},"2":{"start":{"line":3,"column":2},"end":{"line":13,"column":3}},"3":{"start":{"line":4,"column":26},"end":{"line":4,"column":62}},"4":{"start":{"line":5,"column":4},"end":{"line":8,"column":7}},"5":{"start":{"line":10,"column":4},"end":{"line":12,"column":7}},"6":{"start":{"line":15,"column":27},"end":{"line":29,"column":1}},"7":{"start":{"line":16,"column":2},"end":{"line":28,"column":3}},"8":{"start":{"line":17,"column":21},"end":{"line":19,"column":6}},"9":{"start":{"line":20,"column":4},"end":{"line":23,"column":7}},"10":{"start":{"line":25,"column":4},"end":{"line":27,"column":7}},"11":{"start":{"line":30,"column":23},"end":{"line":55,"column":1}},"12":{"start":{"line":31,"column":2},"end":{"line":54,"column":3}},"13":{"start":{"line":32,"column":25},"end":{"line":32,"column":35}},"14":{"start":{"line":33,"column":22},"end":{"line":33,"column":30}},"15":{"start":{"line":35,"column":19},"end":{"line":35,"column":60}},"16":{"start":{"line":37,"column":4},"end":{"line":46,"column":5}},"17":{"start":{"line":39,"column":6},"end":{"line":42,"column":9}},"18":{"start":{"line":44,"column":6},"end":{"line":44,"column":36}},"19":{"start":{"line":45,"column":6},"end":{"line":45,"column":28}},"20":{"start":{"line":48,"column":4},"end":{"line":51,"column":7}},"21":{"start":{"line":53,"column":4},"end":{"line":53,"column":51}},"22":{"start":{"line":56,"column":0},"end":{"line":60,"column":2}}},"fnMap":{"0":{"name":"(anonymous_0)","decl":{"start":{"line":2,"column":20},"end":{"line":2,"column":21}},"loc":{"start":{"line":2,"column":40},"end":{"line":14,"column":1}},"line":2},"1":{"name":"(anonymous_1)","decl":{"start":{"line":15,"column":27},"end":{"line":15,"column":28}},"loc":{"start":{"line":15,"column":47},"end":{"line":29,"column":1}},"line":15},"2":{"name":"(anonymous_2)","decl":{"start":{"line":30,"column":23},"end":{"line":30,"column":24}},"loc":{"start":{"line":30,"column":42},"end":{"line":55,"column":1}},"line":30}},"branchMap":{"0":{"loc":{"start":{"line":11,"column":15},"end":{"line":11,"column":53}},"type":"binary-expr","locations":[{"start":{"line":11,"column":15},"end":{"line":11,"column":26}},{"start":{"line":11,"column":30},"end":{"line":11,"column":53}}],"line":11},"1":{"loc":{"start":{"line":37,"column":4},"end":{"line":46,"column":5}},"type":"if","locations":[{"start":{"line":37,"column":4},"end":{"line":46,"column":5}},{"start":{"line":43,"column":11},"end":{"line":46,"column":5}}],"line":37}},"s":{"0":1,"1":1,"2":0,"3":0,"4":0,"5":0,"6":1,"7":0,"8":0,"9":0,"10":0,"11":1,"12":0,"13":0,"14":0,"15":0,"16":0,"17":0,"18":0,"19":0,"20":0,"21":0,"22":1},"f":{"0":0,"1":0,"2":0},"b":{"0":[0,0],"1":[0,0]},"_coverageSchema":"1a1c01bbd47fc00a2c39e90264f33305004495a9","hash":"54388e601d8d430f70d1f840d381bee052e0ac4e"}
,"C:\\Users\\patel\\Desktop\\Skillhub-backend\\controllers\\PostController.js": {"path":"C:\\Users\\patel\\Desktop\\Skillhub-backend\\controllers\\PostController.js","statementMap":{"0":{"start":{"line":1,"column":13},"end":{"line":1,"column":43}},"1":{"start":{"line":2,"column":21},"end":{"line":2,"column":54}},"2":{"start":{"line":4,"column":19},"end":{"line":16,"column":1}},"3":{"start":{"line":5,"column":2},"end":{"line":15,"column":3}},"4":{"start":{"line":6,"column":45},"end":{"line":6,"column":53}},"5":{"start":{"line":7,"column":17},"end":{"line":7,"column":68}},"6":{"start":{"line":8,"column":4},"end":{"line":11,"column":7}},"7":{"start":{"line":12,"column":4},"end":{"line":12,"column":56}},"8":{"start":{"line":14,"column":4},"end":{"line":14,"column":65}},"9":{"start":{"line":19,"column":17},"end":{"line":28,"column":1}},"10":{"start":{"line":20,"column":2},"end":{"line":27,"column":3}},"11":{"start":{"line":21,"column":18},"end":{"line":23,"column":38}},"12":{"start":{"line":24,"column":4},"end":{"line":24,"column":45}},"13":{"start":{"line":26,"column":4},"end":{"line":26,"column":65}},"14":{"start":{"line":31,"column":16},"end":{"line":42,"column":1}},"15":{"start":{"line":32,"column":2},"end":{"line":41,"column":3}},"16":{"start":{"line":33,"column":17},"end":{"line":35,"column":48}},"17":{"start":{"line":36,"column":4},"end":{"line":37,"column":79}},"18":{"start":{"line":37,"column":6},"end":{"line":37,"column":79}},"19":{"start":{"line":38,"column":4},"end":{"line":38,"column":44}},"20":{"start":{"line":40,"column":4},"end":{"line":40,"column":65}},"21":{"start":{"line":45,"column":19},"end":{"line":54,"column":1}},"22":{"start":{"line":46,"column":2},"end":{"line":53,"column":3}},"23":{"start":{"line":47,"column":17},"end":{"line":49,"column":6}},"24":{"start":{"line":50,"column":4},"end":{"line":50,"column":44}},"25":{"start":{"line":52,"column":4},"end":{"line":52,"column":65}},"26":{"start":{"line":57,"column":19},"end":{"line":64,"column":1}},"27":{"start":{"line":58,"column":2},"end":{"line":63,"column":3}},"28":{"start":{"line":59,"column":4},"end":{"line":59,"column":48}},"29":{"start":{"line":60,"column":4},"end":{"line":60,"column":57}},"30":{"start":{"line":62,"column":4},"end":{"line":62,"column":65}},"31":{"start":{"line":67,"column":19},"end":{"line":87,"column":1}},"32":{"start":{"line":68,"column":2},"end":{"line":86,"column":3}},"33":{"start":{"line":69,"column":23},"end":{"line":69,"column":31}},"34":{"start":{"line":70,"column":17},"end":{"line":70,"column":51}},"35":{"start":{"line":71,"column":4},"end":{"line":72,"column":79}},"36":{"start":{"line":72,"column":6},"end":{"line":72,"column":79}},"37":{"start":{"line":74,"column":25},"end":{"line":74,"column":52}},"38":{"start":{"line":75,"column":4},"end":{"line":79,"column":5}},"39":{"start":{"line":76,"column":6},"end":{"line":76,"column":30}},"40":{"start":{"line":78,"column":6},"end":{"line":78,"column":30}},"41":{"start":{"line":80,"column":4},"end":{"line":80,"column":22}},"42":{"start":{"line":81,"column":4},"end":{"line":81,"column":63}},"43":{"start":{"line":83,"column":4},"end":{"line":83,"column":44}},"44":{"start":{"line":85,"column":4},"end":{"line":85,"column":65}},"45":{"start":{"line":90,"column":19},"end":{"line":111,"column":1}},"46":{"start":{"line":91,"column":2},"end":{"line":110,"column":3}},"47":{"start":{"line":92,"column":32},"end":{"line":92,"column":40}},"48":{"start":{"line":93,"column":17},"end":{"line":93,"column":51}},"49":{"start":{"line":94,"column":4},"end":{"line":95,"column":79}},"50":{"start":{"line":95,"column":6},"end":{"line":95,"column":79}},"51":{"start":{"line":97,"column":4},"end":{"line":97,"column":44}},"52":{"start":{"line":98,"column":4},"end":{"line":98,"column":22}},"53":{"start":{"line":99,"column":4},"end":{"line":103,"column":7}},"54":{"start":{"line":105,"column":4},"end":{"line":105,"column":57}},"55":{"start":{"line":107,"column":4},"end":{"line":107,"column":44}},"56":{"start":{"line":109,"column":4},"end":{"line":109,"column":65}},"57":{"start":{"line":114,"column":22},"end":{"line":126,"column":1}},"58":{"start":{"line":115,"column":2},"end":{"line":125,"column":3}},"59":{"start":{"line":116,"column":26},"end":{"line":116,"column":36}},"60":{"start":{"line":117,"column":17},"end":{"line":121,"column":5}},"61":{"start":{"line":122,"column":4},"end":{"line":122,"column":44}},"62":{"start":{"line":124,"column":4},"end":{"line":124,"column":65}},"63":{"start":{"line":129,"column":26},"end":{"line":138,"column":1}},"64":{"start":{"line":130,"column":2},"end":{"line":137,"column":3}},"65":{"start":{"line":131,"column":18},"end":{"line":133,"column":52}},"66":{"start":{"line":134,"column":4},"end":{"line":134,"column":45}},"67":{"start":{"line":136,"column":4},"end":{"line":136,"column":65}},"68":{"start":{"line":141,"column":21},"end":{"line":150,"column":1}},"69":{"start":{"line":142,"column":2},"end":{"line":149,"column":3}},"70":{"start":{"line":143,"column":18},"end":{"line":145,"column":52}},"71":{"start":{"line":146,"column":4},"end":{"line":146,"column":45}},"72":{"start":{"line":148,"column":4},"end":{"line":148,"column":65}},"73":{"start":{"line":151,"column":24},"end":{"line":179,"column":1}},"74":{"start":{"line":152,"column":2},"end":{"line":1
[...]
,"C:\\Users\\patel\\Desktop\\Skillhub-backend\\routes\\AdminDashboardOverviewRoutes.js": {"path":"C:\\Users\\patel\\Desktop\\Skillhub-backend\\routes\\AdminDashboardOverviewRoutes.js","statementMap":{"0":{"start":{"line":1,"column":15},"end":{"line":1,"column":42}},"1":{"start":{"line":2,"column":32},"end":{"line":2,"column":90}},"2":{"start":{"line":3,"column":23},"end":{"line":3,"column":62}},"3":{"start":{"line":4,"column":0},"end":{"line":4,"column":112}},"4":{"start":{"line":5,"column":0},"end":{"line":5,"column":23}}},"fnMap":{},"branchMap":{},"s":{"0":1,"1":1,"2":1,"3":1,"4":1},"f":{},"b":{},"_coverageSchema":"1a1c01bbd47fc00a2c39e90264f33305004495a9","hash":"efc2851a233ed998360acdc5093604de5535ebb1"}
,"C:\\Users\\patel\\Desktop\\Skillhub-backend\\routes\\AdminLogRoutes.js": {"path":"C:\\Users\\patel\\Desktop\\Skillhub-backend\\routes\\AdminLogRoutes.js","statementMap":{"0":{"start":{"line":1,"column":14},"end":{"line":1,"column":41}},"1":{"start":{"line":2,"column":27},"end":{"line":2,"column":71}},"2":{"start":{"line":3,"column":23},"end":{"line":3,"column":62}},"3":{"start":{"line":4,"column":0},"end":{"line":4,"column":104}},"4":{"start":{"line":5,"column":0},"end":{"line":5,"column":104}},"5":{"start":{"line":6,"column":0},"end":{"line":6,"column":22}}},"fnMap":{},"branchMap":{},"s":{"0":1,"1":1,"2":1,"3":1,"4":1,"5":1},"f":{},"b":{},"_coverageSchema":"1a1c01bbd47fc00a2c39e90264f33305004495a9","hash":"b7880c2fb0fb1b88b05cf622ca1f736340135e86"}
,"C:\\Users\\patel\\Desktop\\Skillhub-backend\\routes\\AnalyticsRoutes.js": {"path":"C:\\Users\\patel\\Desktop\\Skillhub-backend\\routes\\AnalyticsRoutes.js","statementMap":{"0":{"start":{"line":1,"column":14},"end":{"line":1,"column":41}},"1":{"start":{"line":2,"column":28},"end":{"line":2,"column":73}},"2":{"start":{"line":3,"column":0},"end":{"line":3,"column":56}},"3":{"start":{"line":4,"column":0},"end":{"line":4,"column":55}},"4":{"start":{"line":5,"column":0},"end":{"line":5,"column":22}}},"fnMap":{},"branchMap":{},"s":{"0":1,"1":1,"2":1,"3":1,"4":1},"f":{},"b":{},"_coverageSchema":"1a1c01bbd47fc00a2c39e90264f33305004495a9","hash":"c0006c607f4c4811926bf62cec1327668b557e3b"}
,"C:\\Users\\patel\\Desktop\\Skillhub-backend\\routes\\BlogsRoutes.js": {"path":"C:\\Users\\patel\\Desktop\\Skillhub-backend\\routes\\BlogsRoutes.js","statementMap":{"0":{"start":{"line":1,"column":14},"end":{"line":1,"column":41}},"1":{"start":{"line":2,"column":24},"end":{"line":2,"column":65}},"2":{"start":{"line":3,"column":0},"end":{"line":3,"column":43}},"3":{"start":{"line":4,"column":0},"end":{"line":4,"column":22}}},"fnMap":{},"branchMap":{},"s":{"0":1,"1":1,"2":1,"3":1},"f":{},"b":{},"_coverageSchema":"1a1c01bbd47fc00a2c39e90264f33305004495a9","hash":"1f187f26bb47a5b538ffc2378a4bd894ac26d626"}
,"C:\\Users\\patel\\Desktop\\Skillhub-backend\\routes\\CategoriesRoutes.js": {"path":"C:\\Users\\patel\\Desktop\\Skillhub-backend\\routes\\CategoriesRoutes.js","statementMap":{"0":{"start":{"line":1,"column":14},"end":{"line":1,"column":41}},"1":{"start":{"line":2,"column":29},"end":{"line":2,"column":75}},"2":{"start":{"line":3,"column":23},"end":{"line":3,"column":62}},"3":{"start":{"line":4,"column":0},"end":{"line":4,"column":106}},"4":{"start":{"line":5,"column":0},"end":{"line":5,"column":22}}},"fnMap":{},"branchMap":{},"s":{"0":1,"1":1,"2":1,"3":1,"4":1},"f":{},"b":{},"_coverageSchema":"1a1c01bbd47fc00a2c39e90264f33305004495a9","hash":"c73c6116965c88fb2b37e33ed1e6023d43e47844"}
,"C:\\Users\\patel\\Desktop\\Skillhub-backend\\routes\\CertificateRoutes.js": {"path":"C:\\Users\\patel\\Desktop\\Skillhub-backend\\routes\\CertificateRoutes.js","statementMap":{"0":{"start":{"line":1,"column":14},"end":{"line":1,"column":41}},"1":{"start":{"line":2,"column":30},"end":{"line":2,"column":77}},"2":{"start":{"line":3,"column":23},"end":{"line":3,"column":62}},"3":{"start":{"line":4,"column":0},"end":{"line":4,"column":113}},"4":{"start":{"line":5,"column":0},"end":{"line":5,"column":107}},"5":{"start":{"line":6,"column":0},"end":{"line":6,"column":23}}},"fnMap":{},"branchMap":{},"s":{"0":1,"1":1,"2":1,"3":1,"4":1,"5":1},"f":{},"b":{},"_coverageSchema":"1a1c01bbd47fc00a2c39e90264f33305004495a9","hash":"5dc5d247ea5e37d239c0589cdee1fed892c12288"}
,"C:\\Users\\patel\\Desktop\\Skillhub-backend\\routes\\CommunityRoutes.js": {"path":"C:\\Users\\patel\\Desktop\\Skillhub-backend\\routes\\CommunityRoutes.js","statementMap":{"0":{"start":{"line":1,"column":15},"end":{"line":1,"column":42}},"1":{"start":{"line":2,"column":28},"end":{"line":2,"column":73}},"2":{"start":{"line":3,"column":23},"end":{"line":3,"column":62}},"3":{"start":{"line":6,"column":0},"end":{"line":6,"column":81}},"4":{"start":{"line":7,"column":0},"end":{"line":7,"column":51}},"5":{"start":{"line":8,"column":0},"end":{"line":8,"column":52}},"6":{"start":{"line":9,"column":0},"end":{"line":9,"column":82}},"7":{"start":{"line":10,"column":0},"end":{"line":10,"column":85}},"8":{"start":{"line":13,"column":0},"end":{"line":13,"column":87}},"9":{"start":{"line":14,"column":0},"end":{"line":14,"column":89}},"10":{"start":{"line":17,"column":0},"end":{"line":17,"column":91}},"11":{"start":{"line":20,"column":0},"end":{"line":20,"column":80}},"12":{"start":{"line":21,"column":0},"end":{"line":21,"column":84}},"13":{"start":{"line":24,"column":0},"end":{"line":24,"column":90}},"14":{"start":{"line":26,"column":0},"end":{"line":26,"column":24}}},"fnMap":{},"branchMap":{},"s":{"0":1,"1":1,"2":1,"3":1,"4":1,"5":1,"6":1,"7":1,"8":1,"9":1,"10":1,"11":1,"12":1,"13":1,"14":1},"f":{},"b":{},"_coverageSchema":"1a1c01bbd47fc00a2c39e90264f33305004495a9","hash":"401c3334bd951ddef36454dcee3cb9d2b568b234"}
,"C:\\Users\\patel\\Desktop\\Skillhub-backend\\routes\\CourseRoutes.js": {"path":"C:\\Users\\patel\\Desktop\\Skillhub-backend\\routes\\CourseRoutes.js","statementMap":{"0":{"start":{"line":1,"column":14},"end":{"line":1,"column":41}},"1":{"start":{"line":2,"column":25},"end":{"line":2,"column":67}},"2":{"start":{"line":3,"column":23},"end":{"line":3,"column":62}},"3":{"start":{"line":4,"column":0},"end":{"line":4,"column":101}},"4":{"start":{"line":5,"column":0},"end":{"line":5,"column":76}},"5":{"start":{"line":6,"column":0},"end":{"line":6,"column":79}},"6":{"start":{"line":7,"column":0},"end":{"line":7,"column":106}},"7":{"start":{"line":8,"column":0},"end":{"line":8,"column":23}}},"fnMap":{},"branchMap":{},"s":{"0":1,"1":1,"2":1,"3":1,"4":1,"5":1,"6":1,"7":1},"f":{},"b":{},"_coverageSchema":"1a1c01bbd47fc00a2c39e90264f33305004495a9","hash":"af0d278d4387debe54a93d984d5b6dd4aea361e5"}
,"C:\\Users\\patel\\Desktop\\Skillhub-backend\\routes\\EnrollmentRoutes.js": {"path":"C:\\Users\\patel\\Desktop\\Skillhub-backend\\routes\\EnrollmentRoutes.js","statementMap":{"0":{"start":{"line":1,"column":14},"end":{"line":1,"column":41}},"1":{"start":{"line":2,"column":29},"end":{"line":2,"column":75}},"2":{"start":{"line":3,"column":23},"end":{"line":3,"column":62}},"3":{"start":{"line":4,"column":0},"end":{"line":4,"column":87}},"4":{"start":{"line":5,"column":0},"end":{"line":5,"column":100}},"5":{"start":{"line":6,"column":0},"end":{"line":6,"column":111}},"6":{"start":{"line":7,"column":0},"end":{"line":7,"column":131}},"7":{"start":{"line":8,"column":0},"end":{"line":8,"column":23}}},"fnMap":{},"branchMap":{},"s":{"0":1,"1":1,"2":1,"3":1,"4":1,"5":1,"6":1,"7":1},"f":{},"b":{},"_coverageSchema":"1a1c01bbd47fc00a2c39e90264f33305004495a9","hash":"5afbff13cafdb59e70cb72496857b002ec5c9398"}
,"C:\\Users\\patel\\Desktop\\Skillhub-backend\\routes\\EventsRoutes.js": {"path":"C:\\Users\\patel\\Desktop\\Skillhub-backend\\routes\\EventsRoutes.js","statementMap":{"0":{"start":{"line":1,"column":14},"end":{"line":1,"column":41}},"1":{"start":{"line":2,"column":25},"end":{"line":2,"column":67}},"2":{"start":{"line":3,"column":0},"end":{"line":3,"column":46}},"3":{"start":{"line":4,"column":0},"end":{"line":4,"column":22}}},"fnMap":{},"branchMap":{},"s":{"0":1,"1":1,"2":1,"3":1},"f":{},"b":{},"_coverageSchema":"1a1c01bbd47fc00a2c39e90264f33305004495a9","hash":"63f58e002b0f23cb47b1af7d24b6a96a5cd5ee9f"}
,"C:\\Users\\patel\\Desktop\\Skillhub-backend\\routes\\FeedbackRoutes.js": {"path":"C:\\Users\\patel\\Desktop\\Skillhub-backend\\routes\\FeedbackRoutes.js","statementMap":{"0":{"start":{"line":1,"column":14},"end":{"line":1,"column":41}},"1":{"start":{"line":2,"column":27},"end":{"line":2,"column":71}},"2":{"start":{"line":3,"column":23},"end":{"line":3,"column":62}},"3":{"start":{"line":4,"column":0},"end":{"line":4,"column":81}},"4":{"start":{"line":5,"column":0},"end":{"line":5,"column":107}},"5":{"start":{"line":6,"column":0},"end":{"line":6,"column":124}},"6":{"start":{"line":7,"column":0},"end":{"line":7,"column":22}}},"fnMap":{},"branchMap":{},"s":{"0":1,"1":1,"2":1,"3":1,"4":1,"5":1,"6":1},"f":{},"b":{},"_coverageSchema":"1a1c01bbd47fc00a2c39e90264f33305004495a9","hash":"c7441c4fa850e34953af57c9556d590308c33fa6"}
,"C:\\Users\\patel\\Desktop\\Skillhub-backend\\routes\\FriendsRoutes.js": {"path":"C:\\Users\\patel\\Desktop\\Skillhub-backend\\routes\\FriendsRoutes.js","statementMap":{"0":{"start":{"line":1,"column":15},"end":{"line":1,"column":42}},"1":{"start":{"line":2,"column":26},"end":{"line":2,"column":69}},"2":{"start":{"line":3,"column":23},"end":{"line":3,"column":62}},"3":{"start":{"line":5,"column":0},"end":{"line":5,"column":87}},"4":{"start":{"line":8,"column":0},"end":{"line":8,"column":109}},"5":{"start":{"line":11,"column":0},"end":{"line":11,"column":103}},"6":{"start":{"line":14,"column":0},"end":{"line":14,"column":83}},"7":{"start":{"line":16,"column":0},"end":{"line":16,"column":24}}},"fnMap":{},"branchMap":{},"s":{"0":1,"1":1,"2":1,"3":1,"4":1,"5":1,"6":1,"7":1},"f":{},"b":{},"_coverageSchema":"1a1c01bbd47fc00a2c39e90264f33305004495a9","hash":"09cee99e36f03993bbd801e805c17b53a083f515"}
,"C:\\Users\\patel\\Desktop\\Skillhub-backend\\routes\\MessagesRoutes.js": {"path":"C:\\Users\\patel\\Desktop\\Skillhub-backend\\routes\\MessagesRoutes.js","statementMap":{"0":{"start":{"line":1,"column":14},"end":{"line":1,"column":41}},"1":{"start":{"line":2,"column":27},"end":{"line":2,"column":71}},"2":{"start":{"line":3,"column":23},"end":{"line":3,"column":62}},"3":{"start":{"line":5,"column":0},"end":{"line":5,"column":81}},"4":{"start":{"line":8,"column":0},"end":{"line":8,"column":107}},"5":{"start":{"line":11,"column":0},"end":{"line":11,"column":95}},"6":{"start":{"line":14,"column":0},"end":{"line":14,"column":95}},"7":{"start":{"line":17,"column":0},"end":{"line":17,"column":89}},"8":{"start":{"line":19,"column":0},"end":{"line":19,"column":23}}},"fnMap":{},"branchMap":{},"s":{"0":1,"1":1,"2":1,"3":1,"4":1,"5":1,"6":1,"7":1,"8":1},"f":{},"b":{},"_coverageSchema":"1a1c01bbd47fc00a2c39e90264f33305004495a9","hash":"fb9e475b01c7b4cdc88bff3d82f7eaba15a293fb"}
,"C:\\Users\\patel\\Desktop\\Skillhub-backend\\routes\\NotificationRoutes.js": {"path":"C:\\Users\\patel\\Desktop\\Skillhub-backend\\routes\\NotificationRoutes.js","statementMap":{"0":{"start":{"line":1,"column":14},"end":{"line":1,"column":41}},"1":{"start":{"line":2,"column":31},"end":{"line":2,"column":79}},"2":{"start":{"line":3,"column":23},"end":{"line":3,"column":62}},"3":{"start":{"line":4,"column":0},"end":{"line":4,"column":94}},"4":{"start":{"line":5,"column":0},"end":{"line":5,"column":86}},"5":{"start":{"line":6,"column":0},"end":{"line":6,"column":22}}},"fnMap":{},"branchMap":{},"s":{"0":1,"1":1,"2":1,"3":1,"4":1,"5":1},"f":{},"b":{},"_coverageSchema":"1a1c01bbd47fc00a2c39e90264f33305004495a9","hash":"89f8cca5fd1f082c1a273a744b92c6b05bce01c5"}
,"C:\\Users\\patel\\Desktop\\Skillhub-backend\\routes\\OverviewRoutes.js": {"path":"C:\\Users\\patel\\Desktop\\Skillhub-backend\\routes\\OverviewRoutes.js","statementMap":{"0":{"start":{"line":1,"column":14},"end":{"line":1,"column":41}},"1":{"start":{"line":2,"column":27},"end":{"line":2,"column":71}},"2":{"start":{"line":3,"column":23},"end":{"line":3,"column":62}},"3":{"start":{"line":4,"column":0},"end":{"line":4,"column":104}},"4":{"start":{"line":5,"column":0},"end":{"line":5,"column":97}},"5":{"start":{"line":6,"column":0},"end":{"line":6,"column":118}},"6":{"start":{"line":7,"column":0},"end":{"line":7,"column":23}}},"fnMap":{},"branchMap":{},"s":{"0":1,"1":1,"2":1,"3":1,"4":1,"5":1,"6":1},"f":{},"b":{},"_coverageSchema":"1a1c01bbd47fc00a2c39e90264f33305004495a9","hash":"279ca6611da054af8274f87452bcf98d2d0bf8b7"}
,"C:\\Users\\patel\\Desktop\\Skillhub-backend\\routes\\PostRoutes.js": {"path":"C:\\Users\\patel\\Desktop\\Skillhub-backend\\routes\\PostRoutes.js","statementMap":{"0":{"start":{"line":1,"column":15},"end":{"line":1,"column":42}},"1":{"start":{"line":2,"column":23},"end":{"line":2,"column":63}},"2":{"start":{"line":3,"column":23},"end":{"line":3,"column":62}},"3":{"start":{"line":5,"column":0},"end":{"line":5,"column":70}},"4":{"start":{"line":6,"column":0},"end":{"line":6,"column":67}},"5":{"start":{"line":7,"column":0},"end":{"line":7,"column":69}},"6":{"start":{"line":8,"column":0},"end":{"line":8,"column":72}},"7":{"start":{"line":9,"column":0},"end":{"line":9,"column":75}},"8":{"start":{"line":12,"column":0},"end":{"line":12,"column":78}},"9":{"start":{"line":15,"column":0},"end":{"line":15,"column":81}},"10":{"start":{"line":16,"column":0},"end":{"line":16,"column":93}},"11":{"start":{"line":17,"column":0},"end":{"line":17,"column":106}},"12":{"start":{"line":20,"column":0},"end":{"line":20,"column":98}},"13":{"start":{"line":21,"column":0},"end":{"line":21,"column":83}},"14":{"start":{"line":23,"column":0},"end":{"line":23,"column":24}}},"fnMap":{},"branchMap":{},"s":{"0":1,"1":1,"2":1,"3":1,"4":1,"5":1,"6":1,"7":1,"8":1,"9":1,"10":1,"11":1,"12":1,"13":1,"14":1},"f":{},"b":{},"_coverageSchema":"1a1c01bbd47fc00a2c39e90264f33305004495a9","hash":"acc94f584a4659c1bca53d805aa2c0259a2b26e4"}
,"C:\\Users\\patel\\Desktop\\Skillhub-backend\\routes\\ProgressRoutes.js": {"path":"C:\\Users\\patel\\Desktop\\Skillhub-backend\\routes\\ProgressRoutes.js","statementMap":{"0":{"start":{"line":1,"column":14},"end":{"line":1,"column":41}},"1":{"start":{"line":2,"column":27},"end":{"line":2,"column":71}},"2":{"start":{"line":3,"column":23},"end":{"line":3,"column":62}},"3":{"start":{"line":4,"column":0},"end":{"line":4,"column":78}},"4":{"start":{"line":5,"column":0},"end":{"line":5,"column":89}},"5":{"start":{"line":6,"column":0},"end":{"line":6,"column":22}}},"fnMap":{},"branchMap":{},"s":{"0":1,"1":1,"2":1,"3":1,"4":1,"5":1},"f":{},"b":{},"_coverageSchema":"1a1c01bbd47fc00a2c39e90264f33305004495a9","hash":"c5fe647d5d9fede6f196499851570bbdfacff271"}
,"C:\\Users\\patel\\Desktop\\Skillhub-backend\\routes\\QuizRoutes.js": {"path":"C:\\Users\\patel\\Desktop\\Skillhub-backend\\routes\\QuizRoutes.js","statementMap":{"0":{"start":{"line":1,"column":14},"end":{"line":1,"column":41}},"1":{"start":{"line":2,"column":23},"end":{"line":2,"column":63}},"2":{"start":{"line":3,"column":23},"end":{"line":3,"column":62}},"3":{"start":{"line":4,"column":0},"end":{"line":4,"column":100}},"4":{"start":{"line":5,"column":0},"end":{"line":5,"column":94}},"5":{"start":{"line":6,"column":0},"end":{"line":6,"column":22}}},"fnMap":{},"branchMap":{},"s":{"0":1,"1":1,"2":1,"3":1,"4":1,"5":1},"f":{},"b":{},"_coverageSchema":"1a1c01bbd47fc00a2c39e90264f33305004495a9","hash":"2c3f4b8b85c1bebaf989a10bff5c17d179ec0be0"}
,"C:\\Users\\patel\\Desktop\\Skillhub-backend\\routes\\ReportRoutes.js": {"path":"C:\\Users\\patel\\Desktop\\Skillhub-backend\\routes\\ReportRoutes.js","statementMap":{"0":{"start":{"line":1,"column":14},"end":{"line":1,"column":41}},"1":{"start":{"line":2,"column":25},"end":{"line":2,"column":67}},"2":{"start":{"line":3,"column":23},"end":{"line":3,"column":62}},"3":{"start":{"line":4,"column":0},"end":{"line":4,"column":75}},"4":{"start":{"line":5,"column":0},"end":{"line":5,"column":100}},"5":{"start":{"line":6,"column":0},"end":{"line":6,"column":114}},"6":{"start":{"line":7,"column":0},"end":{"line":7,"column":106}},"7":{"start":{"line":8,"column":0},"end":{"line":8,"column":107}},"8":{"start":{"line":9,"column":0},"end":{"line":9,"column":23}}},"fnMap":{},"branchMap":{},"s":{"0":1,"1":1,"2":1,"3":1,"4":1,"5":1,"6":1,"7":1,"8":1},"f":{},"b":{},"_coverageSchema":"1a1c01bbd47fc00a2c39e90264f33305004495a9","hash":"640ed73a4e840e842156b34ec98ea814d24a6574"}
,"C:\\Users\\patel\\Desktop\\Skillhub-backend\\routes\\ResourceRoutes.js": {"path":"C:\\Users\\patel\\Desktop\\Skillhub-backend\\routes\\ResourceRoutes.js","statementMap":{"0":{"start":{"line":1,"column":14},"end":{"line":1,"column":41}},"1":{"start":{"line":2,"column":28},"end":{"line":2,"column":73}},"2":{"start":{"line":5,"column":0},"end":{"line":5,"column":56}},"3":{"start":{"line":6,"column":0},"end":{"line":6,"column":75}},"4":{"start":{"line":8,"column":0},"end":{"line":8,"column":23}}},"fnMap":{},"branchMap":{},"s":{"0":1,"1":1,"2":1,"3":1,"4":1},"f":{},"b":{},"_coverageSchema":"1a1c01bbd47fc00a2c39e90264f33305004495a9","hash":"a8744a6bf483b50a0e00f9c96ef9ce8f887d730a"}
,"C:\\Users\\patel\\Desktop\\Skillhub-backend\\routes\\SearchLogsRoutes.js": {"path":"C:\\Users\\patel\\Desktop\\Skillhub-backend\\routes\\SearchLogsRoutes.js","statementMap":{"0":{"start":{"line":1,"column":14},"end":{"line":1,"column":41}},"1":{"start":{"line":2,"column":29},"end":{"line":2,"column":75}},"2":{"start":{"line":3,"column":0},"end":{"line":3,"column":52}},"3":{"start":{"line":4,"column":0},"end":{"line":4,"column":22}}},"fnMap":{},"branchMap":{},"s":{"0":1,"1":1,"2":1,"3":1},"f":{},"b":{},"_coverageSchema":"1a1c01bbd47fc00a2c39e90264f33305004495a9","hash":"11c75da246c0d5b33bf33c9598f3ec0c0b301b75"}
,"C:\\Users\\patel\\Desktop\\Skillhub-backend\\routes\\SkillsRoutes.js": {"path":"C:\\Users\\patel\\Desktop\\Skillhub-backend\\routes\\SkillsRoutes.js","statementMap":{"0":{"start":{"line":1,"column":14},"end":{"line":1,"column":41}},"1":{"start":{"line":2,"column":25},"end":{"line":2,"column":67}},"2":{"start":{"line":3,"column":23},"end":{"line":3,"column":62}},"3":{"start":{"line":4,"column":0},"end":{"line":4,"column":73}},"4":{"start":{"line":5,"column":0},"end":{"line":5,"column":22}}},"fnMap":{},"branchMap":{},"s":{"0":1,"1":1,"2":1,"3":1,"4":1},"f":{},"b":{},"_coverageSchema":"1a1c01bbd47fc00a2c39e90264f33305004495a9","hash":"09fa24de5b3f0708e5d792fe392e1ae950af17ef"}
,"C:\\Users\\patel\\Desktop\\Skillhub-backend\\routes\\UserRoutes.js": {"path":"C:\\Users\\patel\\Desktop\\Skillhub-backend\\routes\\UserRoutes.js","statementMap":{"0":{"start":{"line":1,"column":14},"end":{"line":1,"column":41}},"1":{"start":{"line":2,"column":23},"end":{"line":2,"column":63}},"2":{"start":{"line":3,"column":23},"end":{"line":3,"column":62}},"3":{"start":{"line":5,"column":0},"end":{"line":5,"column":44}},"4":{"start":{"line":6,"column":0},"end":{"line":6,"column":51}},"5":{"start":{"line":8,"column":0},"end":{"line":8,"column":75}},"6":{"start":{"line":9,"column":0},"end":{"line":9,"column":78}},"7":{"start":{"line":10,"column":0},"end":{"line":10,"column":76}},"8":{"start":{"line":11,"column":0},"end":{"line":11,"column":75}},"9":{"start":{"line":13,"column":0},"end":{"line":13,"column":105}},"10":{"start":{"line":14,"column":0},"end":{"line":14,"column":23}}},"fnMap":{},"branchMap":{},"s":{"0":1,"1":1,"2":1,"3":1,"4":1,"5":1,"6":1,"7":1,"8":1,"9":1,"10":1},"f":{},"b":{},"_coverageSchema":"1a1c01bbd47fc00a2c39e90264f33305004495a9","hash":"e52fe6672bf75ff0dacca4dd6fbdbd509a35b612"}
}
